{"/home/fosseddy/projects/vk-reminder/client/src/types.ts": {"path":"/home/fosseddy/projects/vk-reminder/client/src/types.ts","statementMap":{"0":{"start":{"line":1,"column":0},"end":{"line":1,"column":null}},"1":{"start":{"line":2,"column":2},"end":{"line":2,"column":null}}},"fnMap":{"0":{"name":"(anonymous_0)","decl":{"start":{"line":1,"column":0},"end":{"line":1,"column":12}},"loc":{"start":{"line":1,"column":23},"end":{"line":3,"column":1}}}},"branchMap":{"0":{"loc":{"start":{"line":1,"column":12},"end":{"line":1,"column":23}},"type":"binary-expr","locations":[{"start":{"line":1,"column":12},"end":{"line":1,"column":23}},{"start":{"line":1,"column":12},"end":{"line":1,"column":null}}]}},"s":{"0":9,"1":9},"f":{"0":9},"b":{"0":[9,9]}}
,"/home/fosseddy/projects/vk-reminder/client/src/features/auth/allow-messages-from-community-page.tsx": {"path":"/home/fosseddy/projects/vk-reminder/client/src/features/auth/allow-messages-from-community-page.tsx","statementMap":{"0":{"start":{"line":1,"column":0},"end":{"line":1,"column":26}},"1":{"start":{"line":2,"column":0},"end":{"line":2,"column":46}},"2":{"start":{"line":4,"column":0},"end":{"line":4,"column":66}},"3":{"start":{"line":5,"column":0},"end":{"line":5,"column":39}},"4":{"start":{"line":7,"column":0},"end":{"line":7,"column":47}},"5":{"start":{"line":8,"column":0},"end":{"line":8,"column":44}},"6":{"start":{"line":10,"column":0},"end":{"line":10,"column":41}},"7":{"start":{"line":13,"column":15},"end":{"line":13,"column":45}},"8":{"start":{"line":14,"column":18},"end":{"line":14,"column":30}},"9":{"start":{"line":15,"column":21},"end":{"line":15,"column":33}},"10":{"start":{"line":17,"column":2},"end":{"line":34,"column":4}},"11":{"start":{"line":27,"column":23},"end":{"line":27,"column":null}},"12":{"start":{"line":12,"column":0},"end":{"line":12,"column":16}}},"fnMap":{"0":{"name":"AllowMessagesFromCommunityPage","decl":{"start":{"line":12,"column":16},"end":{"line":12,"column":46}},"loc":{"start":{"line":12,"column":46},"end":{"line":35,"column":1}}},"1":{"name":"(anonymous_2)","decl":{"start":{"line":27,"column":17},"end":{"line":27,"column":23}},"loc":{"start":{"line":27,"column":17},"end":{"line":27,"column":30}}}},"branchMap":{"0":{"loc":{"start":{"line":22,"column":22},"end":{"line":22,"column":24}},"type":"cond-expr","locations":[{"start":{"line":22,"column":22},"end":{"line":22,"column":24}},{"start":{"line":22,"column":18},"end":{"line":22,"column":33}}]},"1":{"loc":{"start":{"line":22,"column":18},"end":{"line":22,"column":24}},"type":"binary-expr","locations":[{"start":{"line":22,"column":18},"end":{"line":22,"column":24}},{"start":{"line":22,"column":18},"end":{"line":22,"column":24}}]},"2":{"loc":{"start":{"line":23,"column":16},"end":{"line":23,"column":18}},"type":"cond-expr","locations":[{"start":{"line":23,"column":16},"end":{"line":23,"column":18}},{"start":{"line":23,"column":12},"end":{"line":23,"column":28}}]},"3":{"loc":{"start":{"line":23,"column":12},"end":{"line":23,"column":18}},"type":"binary-expr","locations":[{"start":{"line":23,"column":12},"end":{"line":23,"column":18}},{"start":{"line":23,"column":12},"end":{"line":23,"column":18}}]},"4":{"loc":{"start":{"line":23,"column":35},"end":{"line":23,"column":37}},"type":"cond-expr","locations":[{"start":{"line":23,"column":35},"end":{"line":23,"column":37}},{"start":{"line":23,"column":31},"end":{"line":23,"column":46}}]},"5":{"loc":{"start":{"line":23,"column":31},"end":{"line":23,"column":37}},"type":"binary-expr","locations":[{"start":{"line":23,"column":31},"end":{"line":23,"column":37}},{"start":{"line":23,"column":31},"end":{"line":23,"column":37}}]}},"s":{"0":9,"1":9,"2":9,"3":9,"4":9,"5":9,"6":9,"7":0,"8":0,"9":0,"10":0,"11":0,"12":9},"f":{"0":0,"1":0},"b":{"0":[0,0],"1":[0,0],"2":[0,0],"3":[0,0],"4":[0,0],"5":[0,0]}}
,"/home/fosseddy/projects/vk-reminder/client/src/features/auth/auth-slice.ts": {"path":"/home/fosseddy/projects/vk-reminder/client/src/features/auth/auth-slice.ts","statementMap":{"0":{"start":{"line":1,"column":0},"end":{"line":1,"column":62}},"1":{"start":{"line":16,"column":21},"end":{"line":18,"column":16}},"2":{"start":{"line":20,"column":18},"end":{"line":28,"column":2}},"3":{"start":{"line":25,"column":6},"end":{"line":25,"column":34}},"4":{"start":{"line":30,"column":13},"end":{"line":30,"column":45}},"5":{"start":{"line":31,"column":13},"end":{"line":31,"column":45}},"6":{"start":{"line":34,"column":2},"end":{"line":34,"column":25}},"7":{"start":{"line":33,"column":0},"end":{"line":33,"column":16}}},"fnMap":{"0":{"name":"(anonymous_0)","decl":{"start":{"line":24,"column":4},"end":{"line":24,"column":11}},"loc":{"start":{"line":24,"column":53},"end":{"line":26,"column":5}}},"1":{"name":"userSelector","decl":{"start":{"line":33,"column":16},"end":{"line":33,"column":28}},"loc":{"start":{"line":33,"column":46},"end":{"line":35,"column":1}}}},"branchMap":{},"s":{"0":9,"1":9,"2":9,"3":24,"4":9,"5":9,"6":8,"7":9},"f":{"0":24,"1":8},"b":{}}
,"/home/fosseddy/projects/vk-reminder/client/src/features/auth/index.ts": {"path":"/home/fosseddy/projects/vk-reminder/client/src/features/auth/index.ts","statementMap":{"0":{"start":{"line":1,"column":0},"end":{"line":1,"column":29}},"1":{"start":{"line":2,"column":0},"end":{"line":2,"column":53}},"2":{"start":{"line":3,"column":0},"end":{"line":3,"column":33}},"3":{"start":{"line":4,"column":0},"end":{"line":4,"column":29}},"4":{"start":{"line":5,"column":0},"end":{"line":5,"column":9}},"5":{"start":{"line":5,"column":9},"end":{"line":5,"column":23}},"6":{"start":{"line":5,"column":23},"end":{"line":5,"column":57}}},"fnMap":{"0":{"name":"(anonymous_4)","decl":{"start":{"line":5,"column":9},"end":{"line":5,"column":21}},"loc":{"start":{"line":5,"column":9},"end":{"line":5,"column":23}}},"1":{"name":"(anonymous_5)","decl":{"start":{"line":5,"column":23},"end":{"line":5,"column":34}},"loc":{"start":{"line":5,"column":23},"end":{"line":5,"column":57}}}},"branchMap":{},"s":{"0":9,"1":9,"2":9,"3":9,"4":9,"5":13,"6":18},"f":{"0":4,"1":9},"b":{}}
,"/home/fosseddy/projects/vk-reminder/client/src/features/auth/login-page.tsx": {"path":"/home/fosseddy/projects/vk-reminder/client/src/features/auth/login-page.tsx","statementMap":{"0":{"start":{"line":1,"column":0},"end":{"line":1,"column":26}},"1":{"start":{"line":3,"column":0},"end":{"line":3,"column":39}},"2":{"start":{"line":6,"column":36},"end":{"line":6,"column":46}},"3":{"start":{"line":6,"column":17},"end":{"line":6,"column":19}},"4":{"start":{"line":6,"column":24},"end":{"line":6,"column":26}},"5":{"start":{"line":6,"column":31},"end":{"line":6,"column":36}},"6":{"start":{"line":8,"column":2},"end":{"line":12,"column":null}},"7":{"start":{"line":9,"column":4},"end":{"line":11,"column":6}},"8":{"start":{"line":14,"column":2},"end":{"line":21,"column":null}},"9":{"start":{"line":15,"column":4},"end":{"line":20,"column":6}},"10":{"start":{"line":23,"column":2},"end":{"line":31,"column":4}},"11":{"start":{"line":5,"column":0},"end":{"line":5,"column":16}}},"fnMap":{"0":{"name":"LoginPage","decl":{"start":{"line":5,"column":16},"end":{"line":5,"column":25}},"loc":{"start":{"line":5,"column":25},"end":{"line":32,"column":1}}}},"branchMap":{"0":{"loc":{"start":{"line":8,"column":2},"end":{"line":12,"column":null}},"type":"if","locations":[{"start":{"line":8,"column":2},"end":{"line":12,"column":null}},{"start":{"line":8,"column":2},"end":{"line":12,"column":null}}]},"1":{"loc":{"start":{"line":14,"column":2},"end":{"line":21,"column":null}},"type":"if","locations":[{"start":{"line":14,"column":2},"end":{"line":21,"column":null}},{"start":{"line":14,"column":2},"end":{"line":21,"column":null}}]}},"s":{"0":9,"1":9,"2":0,"3":0,"4":0,"5":0,"6":0,"7":0,"8":0,"9":0,"10":0,"11":9},"f":{"0":0},"b":{"0":[0,0],"1":[0,0]}}
,"/home/fosseddy/projects/vk-reminder/client/src/features/auth/use-auto-login.ts": {"path":"/home/fosseddy/projects/vk-reminder/client/src/features/auth/use-auto-login.ts","statementMap":{"0":{"start":{"line":1,"column":0},"end":{"line":1,"column":26}},"1":{"start":{"line":2,"column":0},"end":{"line":2,"column":59}},"2":{"start":{"line":4,"column":0},"end":{"line":4,"column":42}},"3":{"start":{"line":6,"column":0},"end":{"line":6,"column":36}},"4":{"start":{"line":7,"column":0},"end":{"line":7,"column":37}},"5":{"start":{"line":8,"column":0},"end":{"line":8,"column":39}},"6":{"start":{"line":10,"column":0},"end":{"line":10,"column":47}},"7":{"start":{"line":11,"column":0},"end":{"line":11,"column":43}},"8":{"start":{"line":13,"column":0},"end":{"line":13,"column":16}},"9":{"start":{"line":14,"column":19},"end":{"line":14,"column":37}},"10":{"start":{"line":15,"column":21},"end":{"line":15,"column":47}},"11":{"start":{"line":16,"column":22},"end":{"line":16,"column":49}},"12":{"start":{"line":17,"column":32},"end":{"line":17,"column":52}},"13":{"start":{"line":17,"column":16},"end":{"line":17,"column":18}},"14":{"start":{"line":17,"column":28},"end":{"line":17,"column":32}},"15":{"start":{"line":19,"column":2},"end":{"line":51,"column":17}},"16":{"start":{"line":20,"column":4},"end":{"line":50,"column":9}},"17":{"start":{"line":20,"column":5},"end":{"line":50,"column":6}},"18":{"start":{"line":21,"column":29},"end":{"line":21,"column":null}},"19":{"start":{"line":21,"column":12},"end":{"line":21,"column":null}},"20":{"start":{"line":22,"column":12},"end":{"line":22,"column":61}},"21":{"start":{"line":23,"column":6},"end":{"line":26,"column":null}},"22":{"start":{"line":24,"column":8},"end":{"line":24,"column":26}},"23":{"start":{"line":25,"column":8},"end":{"line":25,"column":15}},"24":{"start":{"line":28,"column":26},"end":{"line":28,"column":null}},"25":{"start":{"line":28,"column":12},"end":{"line":28,"column":null}},"26":{"start":{"line":29,"column":6},"end":{"line":33,"column":null}},"27":{"start":{"line":30,"column":8},"end":{"line":30,"column":51}},"28":{"start":{"line":31,"column":8},"end":{"line":31,"column":26}},"29":{"start":{"line":32,"column":8},"end":{"line":32,"column":15}},"30":{"start":{"line":35,"column":12},"end":{"line":35,"column":67}},"31":{"start":{"line":37,"column":6},"end":{"line":37,"column":78}},"32":{"start":{"line":39,"column":6},"end":{"line":39,"column":24}},"33":{"start":{"line":41,"column":6},"end":{"line":49,"column":null}},"34":{"start":{"line":42,"column":14},"end":{"line":44,"column":29}},"35":{"start":{"line":46,"column":8},"end":{"line":46,"column":49}},"36":{"start":{"line":48,"column":8},"end":{"line":48,"column":70}},"37":{"start":{"line":53,"column":2},"end":{"line":53,"column":21}}},"fnMap":{"0":{"name":"useAutoLogin","decl":{"start":{"line":13,"column":16},"end":{"line":13,"column":28}},"loc":{"start":{"line":13,"column":28},"end":{"line":54,"column":1}}},"1":{"name":"(anonymous_15)","decl":{"start":{"line":19,"column":18},"end":{"line":19,"column":null}},"loc":{"start":{"line":19,"column":18},"end":{"line":51,"column":3}}},"2":{"name":"(anonymous_16)","decl":{"start":{"line":20,"column":5},"end":{"line":20,"column":null}},"loc":{"start":{"line":20,"column":5},"end":{"line":50,"column":6}}}},"branchMap":{"0":{"loc":{"start":{"line":21,"column":29},"end":{"line":21,"column":null}},"type":"switch","locations":[{"start":{"line":21,"column":29},"end":{"line":21,"column":null}}]},"1":{"loc":{"start":{"line":23,"column":6},"end":{"line":26,"column":null}},"type":"if","locations":[{"start":{"line":23,"column":6},"end":{"line":26,"column":null}},{"start":{"line":23,"column":6},"end":{"line":26,"column":null}}]},"2":{"loc":{"start":{"line":23,"column":10},"end":{"line":23,"column":33}},"type":"binary-expr","locations":[{"start":{"line":23,"column":10},"end":{"line":23,"column":33}},{"start":{"line":23,"column":37},"end":{"line":23,"column":44}}]},"3":{"loc":{"start":{"line":29,"column":6},"end":{"line":33,"column":null}},"type":"if","locations":[{"start":{"line":29,"column":6},"end":{"line":33,"column":null}},{"start":{"line":29,"column":6},"end":{"line":33,"column":null}}]},"4":{"loc":{"start":{"line":29,"column":10},"end":{"line":29,"column":27}},"type":"binary-expr","locations":[{"start":{"line":29,"column":10},"end":{"line":29,"column":27}},{"start":{"line":29,"column":31},"end":{"line":29,"column":48}}]},"5":{"loc":{"start":{"line":41,"column":6},"end":{"line":49,"column":null}},"type":"if","locations":[{"start":{"line":41,"column":6},"end":{"line":49,"column":null}},{"start":{"line":41,"column":6},"end":{"line":49,"column":null}}]},"6":{"loc":{"start":{"line":43,"column":12},"end":{"line":43,"column":40}},"type":"cond-expr","locations":[{"start":{"line":43,"column":12},"end":{"line":43,"column":40}},{"start":{"line":44,"column":12},"end":{"line":44,"column":28}}]}},"s":{"0":9,"1":9,"2":9,"3":9,"4":9,"5":9,"6":9,"7":9,"8":36,"9":27,"10":27,"11":27,"12":27,"13":27,"14":27,"15":27,"16":10,"17":10,"18":10,"19":10,"20":10,"21":10,"22":2,"23":2,"24":8,"25":8,"26":8,"27":1,"28":1,"29":1,"30":7,"31":7,"32":7,"33":7,"34":6,"35":6,"36":1,"37":27},"f":{"0":27,"1":10,"2":20},"b":{"0":[10],"1":[2,8],"2":[10,9],"3":[1,7],"4":[8,7],"5":[6,1],"6":[1,5]}}
,"/home/fosseddy/projects/vk-reminder/client/src/features/auth/use-login.ts": {"path":"/home/fosseddy/projects/vk-reminder/client/src/features/auth/use-login.ts","statementMap":{"0":{"start":{"line":1,"column":0},"end":{"line":1,"column":26}},"1":{"start":{"line":2,"column":0},"end":{"line":2,"column":46}},"2":{"start":{"line":4,"column":0},"end":{"line":4,"column":42}},"3":{"start":{"line":6,"column":0},"end":{"line":6,"column":36}},"4":{"start":{"line":7,"column":0},"end":{"line":7,"column":37}},"5":{"start":{"line":8,"column":0},"end":{"line":8,"column":39}},"6":{"start":{"line":10,"column":0},"end":{"line":10,"column":47}},"7":{"start":{"line":11,"column":0},"end":{"line":11,"column":43}},"8":{"start":{"line":14,"column":19},"end":{"line":14,"column":37}},"9":{"start":{"line":15,"column":18},"end":{"line":15,"column":30}},"10":{"start":{"line":16,"column":32},"end":{"line":16,"column":53}},"11":{"start":{"line":16,"column":16},"end":{"line":16,"column":18}},"12":{"start":{"line":16,"column":28},"end":{"line":16,"column":32}},"13":{"start":{"line":17,"column":28},"end":{"line":17,"column":63}},"14":{"start":{"line":17,"column":14},"end":{"line":17,"column":16}},"15":{"start":{"line":17,"column":24},"end":{"line":17,"column":28}},"16":{"start":{"line":20,"column":21},"end":{"line":20,"column":null}},"17":{"start":{"line":20,"column":10},"end":{"line":20,"column":null}},"18":{"start":{"line":21,"column":4},"end":{"line":21,"column":34}},"19":{"start":{"line":21,"column":27},"end":{"line":21,"column":34}},"20":{"start":{"line":23,"column":4},"end":{"line":23,"column":21}},"21":{"start":{"line":24,"column":4},"end":{"line":24,"column":19}},"22":{"start":{"line":26,"column":24},"end":{"line":26,"column":null}},"23":{"start":{"line":26,"column":10},"end":{"line":26,"column":null}},"24":{"start":{"line":27,"column":4},"end":{"line":31,"column":null}},"25":{"start":{"line":28,"column":6},"end":{"line":28,"column":42}},"26":{"start":{"line":29,"column":6},"end":{"line":29,"column":24}},"27":{"start":{"line":30,"column":6},"end":{"line":30,"column":13}},"28":{"start":{"line":33,"column":10},"end":{"line":33,"column":65}},"29":{"start":{"line":35,"column":4},"end":{"line":35,"column":76}},"30":{"start":{"line":36,"column":4},"end":{"line":36,"column":48}},"31":{"start":{"line":38,"column":4},"end":{"line":38,"column":22}},"32":{"start":{"line":40,"column":4},"end":{"line":44,"column":null}},"33":{"start":{"line":41,"column":6},"end":{"line":41,"column":40}},"34":{"start":{"line":43,"column":6},"end":{"line":43,"column":57}},"35":{"start":{"line":47,"column":2},"end":{"line":47,"column":35}},"36":{"start":{"line":13,"column":0},"end":{"line":13,"column":16}}},"fnMap":{"0":{"name":"useLogin","decl":{"start":{"line":13,"column":16},"end":{"line":13,"column":24}},"loc":{"start":{"line":13,"column":24},"end":{"line":48,"column":1}}},"1":{"name":"login","decl":{"start":{"line":19,"column":17},"end":{"line":19,"column":22}},"loc":{"start":{"line":19,"column":22},"end":{"line":45,"column":null}}}},"branchMap":{"0":{"loc":{"start":{"line":20,"column":21},"end":{"line":20,"column":null}},"type":"switch","locations":[{"start":{"line":20,"column":21},"end":{"line":20,"column":null}}]},"1":{"loc":{"start":{"line":21,"column":4},"end":{"line":21,"column":34}},"type":"if","locations":[{"start":{"line":21,"column":4},"end":{"line":21,"column":34}},{"start":{"line":21,"column":4},"end":{"line":21,"column":34}}]},"2":{"loc":{"start":{"line":27,"column":4},"end":{"line":31,"column":null}},"type":"if","locations":[{"start":{"line":27,"column":4},"end":{"line":31,"column":null}},{"start":{"line":27,"column":4},"end":{"line":31,"column":null}}]},"3":{"loc":{"start":{"line":27,"column":8},"end":{"line":27,"column":25}},"type":"binary-expr","locations":[{"start":{"line":27,"column":8},"end":{"line":27,"column":25}},{"start":{"line":27,"column":29},"end":{"line":27,"column":46}}]},"4":{"loc":{"start":{"line":40,"column":4},"end":{"line":44,"column":null}},"type":"if","locations":[{"start":{"line":40,"column":4},"end":{"line":44,"column":null}},{"start":{"line":40,"column":4},"end":{"line":44,"column":null}}]}},"s":{"0":9,"1":9,"2":9,"3":9,"4":9,"5":9,"6":9,"7":9,"8":34,"9":34,"10":34,"11":34,"12":34,"13":34,"14":34,"15":34,"16":9,"17":9,"18":9,"19":1,"20":8,"21":8,"22":8,"23":8,"24":8,"25":1,"26":1,"27":1,"28":7,"29":7,"30":7,"31":7,"32":7,"33":6,"34":1,"35":34,"36":9},"f":{"0":34,"1":9},"b":{"0":[9],"1":[1,8],"2":[1,7],"3":[8,7],"4":[6,1]}}
,"/home/fosseddy/projects/vk-reminder/client/src/features/auth/use-logout.ts": {"path":"/home/fosseddy/projects/vk-reminder/client/src/features/auth/use-logout.ts","statementMap":{"0":{"start":{"line":1,"column":0},"end":{"line":1,"column":26}},"1":{"start":{"line":2,"column":0},"end":{"line":2,"column":46}},"2":{"start":{"line":4,"column":0},"end":{"line":4,"column":42}},"3":{"start":{"line":6,"column":0},"end":{"line":6,"column":37}},"4":{"start":{"line":7,"column":0},"end":{"line":7,"column":39}},"5":{"start":{"line":9,"column":0},"end":{"line":9,"column":47}},"6":{"start":{"line":10,"column":0},"end":{"line":10,"column":43}},"7":{"start":{"line":13,"column":19},"end":{"line":13,"column":37}},"8":{"start":{"line":14,"column":18},"end":{"line":14,"column":30}},"9":{"start":{"line":15,"column":32},"end":{"line":15,"column":53}},"10":{"start":{"line":15,"column":16},"end":{"line":15,"column":18}},"11":{"start":{"line":15,"column":28},"end":{"line":15,"column":32}},"12":{"start":{"line":18,"column":4},"end":{"line":18,"column":21}},"13":{"start":{"line":20,"column":4},"end":{"line":20,"column":30}},"14":{"start":{"line":22,"column":4},"end":{"line":22,"column":47}},"15":{"start":{"line":23,"column":4},"end":{"line":23,"column":22}},"16":{"start":{"line":26,"column":4},"end":{"line":26,"column":40}},"17":{"start":{"line":28,"column":4},"end":{"line":28,"column":34}},"18":{"start":{"line":31,"column":2},"end":{"line":31,"column":29}},"19":{"start":{"line":12,"column":0},"end":{"line":12,"column":16}}},"fnMap":{"0":{"name":"useLogout","decl":{"start":{"line":12,"column":16},"end":{"line":12,"column":25}},"loc":{"start":{"line":12,"column":25},"end":{"line":32,"column":1}}},"1":{"name":"logout","decl":{"start":{"line":17,"column":17},"end":{"line":17,"column":23}},"loc":{"start":{"line":17,"column":23},"end":{"line":29,"column":null}}}},"branchMap":{},"s":{"0":9,"1":9,"2":9,"3":9,"4":9,"5":9,"6":9,"7":15,"8":15,"9":15,"10":15,"11":15,"12":5,"13":10,"14":5,"15":5,"16":5,"17":5,"18":15,"19":9},"f":{"0":15,"1":5},"b":{}}
,"/home/fosseddy/projects/vk-reminder/client/src/features/reminders/index.ts": {"path":"/home/fosseddy/projects/vk-reminder/client/src/features/reminders/index.ts","statementMap":{"0":{"start":{"line":1,"column":0},"end":{"line":1,"column":33}},"1":{"start":{"line":2,"column":0},"end":{"line":2,"column":36}},"2":{"start":{"line":3,"column":0},"end":{"line":3,"column":9}},"3":{"start":{"line":3,"column":9},"end":{"line":3,"column":27}},"4":{"start":{"line":3,"column":27},"end":{"line":3,"column":44}},"5":{"start":{"line":3,"column":44},"end":{"line":3,"column":90}}},"fnMap":{"0":{"name":"(anonymous_4)","decl":{"start":{"line":3,"column":9},"end":{"line":3,"column":25}},"loc":{"start":{"line":3,"column":9},"end":{"line":3,"column":27}}},"1":{"name":"(anonymous_5)","decl":{"start":{"line":3,"column":27},"end":{"line":3,"column":42}},"loc":{"start":{"line":3,"column":27},"end":{"line":3,"column":44}}},"2":{"name":"(anonymous_6)","decl":{"start":{"line":3,"column":44},"end":{"line":3,"column":62}},"loc":{"start":{"line":3,"column":44},"end":{"line":3,"column":90}}}},"branchMap":{},"s":{"0":9,"1":9,"2":9,"3":18,"4":9,"5":9},"f":{"0":9,"1":0,"2":0},"b":{}}
,"/home/fosseddy/projects/vk-reminder/client/src/features/reminders/new-reminder-page.tsx": {"path":"/home/fosseddy/projects/vk-reminder/client/src/features/reminders/new-reminder-page.tsx","statementMap":{"0":{"start":{"line":1,"column":0},"end":{"line":1,"column":26}},"1":{"start":{"line":2,"column":0},"end":{"line":2,"column":78}},"2":{"start":{"line":4,"column":0},"end":{"line":4,"column":39}},"3":{"start":{"line":5,"column":0},"end":{"line":5,"column":47}},"4":{"start":{"line":6,"column":0},"end":{"line":6,"column":55}},"5":{"start":{"line":7,"column":0},"end":{"line":7,"column":58}},"6":{"start":{"line":8,"column":0},"end":{"line":8,"column":58}},"7":{"start":{"line":9,"column":0},"end":{"line":9,"column":58}},"8":{"start":{"line":11,"column":0},"end":{"line":11,"column":16}},"9":{"start":{"line":12,"column":16},"end":{"line":12,"column":31}},"10":{"start":{"line":13,"column":17},"end":{"line":13,"column":44}},"11":{"start":{"line":14,"column":18},"end":{"line":14,"column":30}},"12":{"start":{"line":16,"column":17},"end":{"line":16,"column":46}},"13":{"start":{"line":18,"column":19},"end":{"line":18,"column":82}},"14":{"start":{"line":18,"column":45},"end":{"line":18,"column":82}},"15":{"start":{"line":20,"column":26},"end":{"line":20,"column":62}},"16":{"start":{"line":20,"column":13},"end":{"line":20,"column":15}},"17":{"start":{"line":20,"column":22},"end":{"line":20,"column":26}},"18":{"start":{"line":21,"column":26},"end":{"line":21,"column":62}},"19":{"start":{"line":21,"column":13},"end":{"line":21,"column":15}},"20":{"start":{"line":21,"column":22},"end":{"line":21,"column":26}},"21":{"start":{"line":23,"column":29},"end":{"line":23,"column":49}},"22":{"start":{"line":24,"column":29},"end":{"line":24,"column":49}},"23":{"start":{"line":25,"column":29},"end":{"line":25,"column":49}},"24":{"start":{"line":27,"column":2},"end":{"line":57,"column":4}},"25":{"start":{"line":33,"column":55},"end":{"line":33,"column":82}},"26":{"start":{"line":34,"column":55},"end":{"line":34,"column":82}},"27":{"start":{"line":37,"column":23},"end":{"line":44,"column":null}},"28":{"start":{"line":38,"column":12},"end":{"line":38,"column":18}},"29":{"start":{"line":39,"column":10},"end":{"line":39,"column":62}},"30":{"start":{"line":41,"column":10},"end":{"line":41,"column":47}},"31":{"start":{"line":43,"column":8},"end":{"line":43,"column":42}},"32":{"start":{"line":49,"column":25},"end":{"line":52,"column":null}},"33":{"start":{"line":50,"column":10},"end":{"line":50,"column":42}},"34":{"start":{"line":51,"column":10},"end":{"line":51,"column":44}}},"fnMap":{"0":{"name":"NewReminderPage","decl":{"start":{"line":11,"column":16},"end":{"line":11,"column":31}},"loc":{"start":{"line":11,"column":31},"end":{"line":58,"column":1}}},"1":{"name":"(anonymous_15)","decl":{"start":{"line":18,"column":36},"end":{"line":18,"column":41}},"loc":{"start":{"line":18,"column":41},"end":{"line":18,"column":63}}},"2":{"name":"(anonymous_16)","decl":{"start":{"line":33,"column":50},"end":{"line":33,"column":51}},"loc":{"start":{"line":33,"column":51},"end":{"line":33,"column":62}}},"3":{"name":"(anonymous_17)","decl":{"start":{"line":34,"column":50},"end":{"line":34,"column":51}},"loc":{"start":{"line":34,"column":51},"end":{"line":34,"column":62}}},"4":{"name":"(anonymous_18)","decl":{"start":{"line":37,"column":23},"end":{"line":37,"column":null}},"loc":{"start":{"line":37,"column":23},"end":{"line":44,"column":null}}},"5":{"name":"(anonymous_21)","decl":{"start":{"line":49,"column":25},"end":{"line":49,"column":null}},"loc":{"start":{"line":49,"column":25},"end":{"line":52,"column":null}}}},"branchMap":{"0":{"loc":{"start":{"line":20,"column":55},"end":{"line":20,"column":59}},"type":"cond-expr","locations":[{"start":{"line":20,"column":55},"end":{"line":20,"column":59}},{"start":{"line":20,"column":59},"end":{"line":20,"column":61}}]},"1":{"loc":{"start":{"line":20,"column":40},"end":{"line":20,"column":59}},"type":"binary-expr","locations":[{"start":{"line":20,"column":40},"end":{"line":20,"column":59}},{"start":{"line":20,"column":55},"end":{"line":20,"column":59}}]},"2":{"loc":{"start":{"line":20,"column":49},"end":{"line":20,"column":51}},"type":"cond-expr","locations":[{"start":{"line":20,"column":49},"end":{"line":20,"column":51}},{"start":{"line":20,"column":41},"end":{"line":20,"column":55}}]},"3":{"loc":{"start":{"line":20,"column":41},"end":{"line":20,"column":51}},"type":"binary-expr","locations":[{"start":{"line":20,"column":41},"end":{"line":20,"column":51}},{"start":{"line":20,"column":41},"end":{"line":20,"column":51}}]},"4":{"loc":{"start":{"line":21,"column":55},"end":{"line":21,"column":59}},"type":"cond-expr","locations":[{"start":{"line":21,"column":55},"end":{"line":21,"column":59}},{"start":{"line":21,"column":59},"end":{"line":21,"column":61}}]},"5":{"loc":{"start":{"line":21,"column":40},"end":{"line":21,"column":59}},"type":"binary-expr","locations":[{"start":{"line":21,"column":40},"end":{"line":21,"column":59}},{"start":{"line":21,"column":55},"end":{"line":21,"column":59}}]},"6":{"loc":{"start":{"line":21,"column":49},"end":{"line":21,"column":51}},"type":"cond-expr","locations":[{"start":{"line":21,"column":49},"end":{"line":21,"column":51}},{"start":{"line":21,"column":41},"end":{"line":21,"column":55}}]},"7":{"loc":{"start":{"line":21,"column":41},"end":{"line":21,"column":51}},"type":"binary-expr","locations":[{"start":{"line":21,"column":41},"end":{"line":21,"column":51}},{"start":{"line":21,"column":41},"end":{"line":21,"column":51}}]},"8":{"loc":{"start":{"line":41,"column":10},"end":{"line":41,"column":47}},"type":"switch","locations":[{"start":{"line":41,"column":10},"end":{"line":41,"column":47}}]},"9":{"loc":{"start":{"line":38,"column":12},"end":{"line":38,"column":18}},"type":"if","locations":[{"start":{"line":38,"column":12},"end":{"line":38,"column":18}},{"start":{"line":38,"column":12},"end":{"line":38,"column":18}}]},"10":{"loc":{"start":{"line":48,"column":7},"end":{"line":48,"column":13}},"type":"binary-expr","locations":[{"start":{"line":48,"column":7},"end":{"line":48,"column":13}},{"start":{"line":49,"column":8},"end":{"line":52,"column":null}}]},"11":{"loc":{"start":{"line":50,"column":10},"end":{"line":50,"column":42}},"type":"switch","locations":[{"start":{"line":50,"column":10},"end":{"line":50,"column":42}}]}},"s":{"0":9,"1":9,"2":9,"3":9,"4":9,"5":9,"6":9,"7":9,"8":9,"9":0,"10":0,"11":0,"12":0,"13":0,"14":0,"15":0,"16":0,"17":0,"18":0,"19":0,"20":0,"21":0,"22":0,"23":0,"24":0,"25":0,"26":0,"27":0,"28":0,"29":0,"30":0,"31":0,"32":0,"33":0,"34":0},"f":{"0":0,"1":0,"2":0,"3":0,"4":0,"5":0},"b":{"0":[0,0],"1":[0,0],"2":[0,0],"3":[0,0],"4":[0,0],"5":[0,0],"6":[0,0],"7":[0,0],"8":[0],"9":[0,0],"10":[0,0],"11":[0]}}
,"/home/fosseddy/projects/vk-reminder/client/src/features/reminders/reminders-page.tsx": {"path":"/home/fosseddy/projects/vk-reminder/client/src/features/reminders/reminders-page.tsx","statementMap":{"0":{"start":{"line":1,"column":0},"end":{"line":1,"column":26}},"1":{"start":{"line":2,"column":0},"end":{"line":2,"column":40}},"2":{"start":{"line":4,"column":0},"end":{"line":4,"column":39}},"3":{"start":{"line":8,"column":0},"end":{"line":8,"column":36}},"4":{"start":{"line":9,"column":0},"end":{"line":9,"column":54}},"5":{"start":{"line":10,"column":0},"end":{"line":10,"column":58}},"6":{"start":{"line":13,"column":31},"end":{"line":13,"column":48}},"7":{"start":{"line":13,"column":15},"end":{"line":13,"column":17}},"8":{"start":{"line":13,"column":26},"end":{"line":13,"column":31}},"9":{"start":{"line":14,"column":21},"end":{"line":14,"column":33}},"10":{"start":{"line":16,"column":2},"end":{"line":23,"column":null}},"11":{"start":{"line":17,"column":4},"end":{"line":22,"column":6}},"12":{"start":{"line":25,"column":2},"end":{"line":29,"column":null}},"13":{"start":{"line":26,"column":4},"end":{"line":28,"column":6}},"14":{"start":{"line":31,"column":2},"end":{"line":46,"column":4}},"15":{"start":{"line":12,"column":0},"end":{"line":12,"column":16}},"16":{"start":{"line":49,"column":33},"end":{"line":49,"column":62}},"17":{"start":{"line":50,"column":2},"end":{"line":54,"column":4}},"18":{"start":{"line":52,"column":33},"end":{"line":52,"column":88}},"19":{"start":{"line":57,"column":32},"end":{"line":57,"column":58}},"20":{"start":{"line":58,"column":45},"end":{"line":58,"column":64}},"21":{"start":{"line":58,"column":17},"end":{"line":58,"column":19}},"22":{"start":{"line":58,"column":24},"end":{"line":58,"column":26}},"23":{"start":{"line":58,"column":40},"end":{"line":58,"column":45}},"24":{"start":{"line":60,"column":2},"end":{"line":60,"column":44}},"25":{"start":{"line":60,"column":15},"end":{"line":60,"column":44}},"26":{"start":{"line":62,"column":2},"end":{"line":78,"column":4}},"27":{"start":{"line":73,"column":29},"end":{"line":73,"column":null}}},"fnMap":{"0":{"name":"RemindersPage","decl":{"start":{"line":12,"column":16},"end":{"line":12,"column":29}},"loc":{"start":{"line":12,"column":29},"end":{"line":47,"column":1}}},"1":{"name":"ReminderList","decl":{"start":{"line":49,"column":9},"end":{"line":49,"column":21}},"loc":{"start":{"line":49,"column":62},"end":{"line":55,"column":1}}},"2":{"name":"(anonymous_3)","decl":{"start":{"line":52,"column":21},"end":{"line":52,"column":29}},"loc":{"start":{"line":52,"column":29},"end":{"line":52,"column":34}}},"3":{"name":"ReminderItem","decl":{"start":{"line":57,"column":9},"end":{"line":57,"column":21}},"loc":{"start":{"line":57,"column":58},"end":{"line":79,"column":1}}},"4":{"name":"(anonymous_5)","decl":{"start":{"line":73,"column":23},"end":{"line":73,"column":29}},"loc":{"start":{"line":73,"column":23},"end":{"line":73,"column":43}}}},"branchMap":{"0":{"loc":{"start":{"line":16,"column":2},"end":{"line":23,"column":null}},"type":"if","locations":[{"start":{"line":16,"column":2},"end":{"line":23,"column":null}},{"start":{"line":16,"column":2},"end":{"line":23,"column":null}}]},"1":{"loc":{"start":{"line":25,"column":2},"end":{"line":29,"column":null}},"type":"if","locations":[{"start":{"line":25,"column":2},"end":{"line":29,"column":null}},{"start":{"line":25,"column":2},"end":{"line":29,"column":null}}]},"2":{"loc":{"start":{"line":42,"column":10},"end":{"line":42,"column":48}},"type":"cond-expr","locations":[{"start":{"line":42,"column":10},"end":{"line":42,"column":48}},{"start":{"line":43,"column":10},"end":{"line":43,"column":42}}]},"3":{"loc":{"start":{"line":60,"column":2},"end":{"line":60,"column":44}},"type":"if","locations":[{"start":{"line":60,"column":2},"end":{"line":60,"column":44}},{"start":{"line":60,"column":2},"end":{"line":60,"column":44}}]},"4":{"loc":{"start":{"line":64,"column":7},"end":{"line":64,"column":12}},"type":"binary-expr","locations":[{"start":{"line":64,"column":7},"end":{"line":64,"column":12}},{"start":{"line":65,"column":8},"end":{"line":66,"column":null}}]},"5":{"loc":{"start":{"line":69,"column":53},"end":{"line":69,"column":67}},"type":"cond-expr","locations":[{"start":{"line":69,"column":53},"end":{"line":69,"column":67}},{"start":{"line":69,"column":70},"end":{"line":69,"column":76}}]}},"s":{"0":9,"1":9,"2":9,"3":9,"4":9,"5":9,"6":0,"7":0,"8":0,"9":0,"10":0,"11":0,"12":0,"13":0,"14":0,"15":9,"16":0,"17":0,"18":0,"19":0,"20":0,"21":0,"22":0,"23":0,"24":0,"25":0,"26":0,"27":0},"f":{"0":0,"1":0,"2":0,"3":0,"4":0},"b":{"0":[0,0],"1":[0,0],"2":[0,0],"3":[0,0],"4":[0,0],"5":[0,0]}}
,"/home/fosseddy/projects/vk-reminder/client/src/features/reminders/reminders-slice.ts": {"path":"/home/fosseddy/projects/vk-reminder/client/src/features/reminders/reminders-slice.ts","statementMap":{"0":{"start":{"line":1,"column":0},"end":{"line":1,"column":62}},"1":{"start":{"line":16,"column":21},"end":{"line":19,"column":16}},"2":{"start":{"line":21,"column":23},"end":{"line":45,"column":2}},"3":{"start":{"line":26,"column":6},"end":{"line":26,"column":38}},"4":{"start":{"line":29,"column":6},"end":{"line":29,"column":41}},"5":{"start":{"line":29,"column":34},"end":{"line":29,"column":41}},"6":{"start":{"line":30,"column":6},"end":{"line":30,"column":75}},"7":{"start":{"line":30,"column":50},"end":{"line":30,"column":74}},"8":{"start":{"line":33,"column":6},"end":{"line":33,"column":41}},"9":{"start":{"line":33,"column":34},"end":{"line":33,"column":41}},"10":{"start":{"line":34,"column":6},"end":{"line":34,"column":45}},"11":{"start":{"line":38,"column":6},"end":{"line":38,"column":41}},"12":{"start":{"line":38,"column":34},"end":{"line":38,"column":41}},"13":{"start":{"line":39,"column":23},"end":{"line":39,"column":75}},"14":{"start":{"line":39,"column":48},"end":{"line":39,"column":75}},"15":{"start":{"line":40,"column":6},"end":{"line":40,"column":28}},"16":{"start":{"line":40,"column":21},"end":{"line":40,"column":28}},"17":{"start":{"line":41,"column":6},"end":{"line":41,"column":42}},"18":{"start":{"line":42,"column":6},"end":{"line":42,"column":42}},"19":{"start":{"line":47,"column":13},"end":{"line":47,"column":55}},"20":{"start":{"line":48,"column":13},"end":{"line":48,"column":55}},"21":{"start":{"line":51,"column":2},"end":{"line":51,"column":34}},"22":{"start":{"line":50,"column":0},"end":{"line":50,"column":16}},"23":{"start":{"line":55,"column":20},"end":{"line":55,"column":42}},"24":{"start":{"line":56,"column":2},"end":{"line":56,"column":30}},"25":{"start":{"line":56,"column":18},"end":{"line":56,"column":30}},"26":{"start":{"line":58,"column":12},"end":{"line":58,"column":44}},"27":{"start":{"line":58,"column":32},"end":{"line":58,"column":44}},"28":{"start":{"line":59,"column":2},"end":{"line":59,"column":22}},"29":{"start":{"line":59,"column":10},"end":{"line":59,"column":22}},"30":{"start":{"line":61,"column":2},"end":{"line":61,"column":11}},"31":{"start":{"line":54,"column":0},"end":{"line":54,"column":16}}},"fnMap":{"0":{"name":"(anonymous_0)","decl":{"start":{"line":25,"column":4},"end":{"line":25,"column":16}},"loc":{"start":{"line":25,"column":57},"end":{"line":27,"column":5}}},"1":{"name":"(anonymous_1)","decl":{"start":{"line":28,"column":4},"end":{"line":28,"column":18}},"loc":{"start":{"line":28,"column":55},"end":{"line":31,"column":5}}},"2":{"name":"(anonymous_2)","decl":{"start":{"line":30,"column":45},"end":{"line":30,"column":46}},"loc":{"start":{"line":30,"column":46},"end":{"line":30,"column":51}}},"3":{"name":"(anonymous_3)","decl":{"start":{"line":32,"column":4},"end":{"line":32,"column":7}},"loc":{"start":{"line":32,"column":46},"end":{"line":35,"column":5}}},"4":{"name":"(anonymous_4)","decl":{"start":{"line":37,"column":4},"end":{"line":37,"column":10}},"loc":{"start":{"line":37,"column":83},"end":{"line":43,"column":5}}},"5":{"name":"(anonymous_5)","decl":{"start":{"line":39,"column":43},"end":{"line":39,"column":44}},"loc":{"start":{"line":39,"column":44},"end":{"line":39,"column":49}}},"6":{"name":"selectReminders","decl":{"start":{"line":50,"column":16},"end":{"line":50,"column":31}},"loc":{"start":{"line":50,"column":49},"end":{"line":52,"column":1}}},"7":{"name":"selectReminderById","decl":{"start":{"line":54,"column":16},"end":{"line":54,"column":34}},"loc":{"start":{"line":54,"column":64},"end":{"line":62,"column":1}}},"8":{"name":"(anonymous_8)","decl":{"start":{"line":58,"column":27},"end":{"line":58,"column":28}},"loc":{"start":{"line":58,"column":28},"end":{"line":58,"column":33}}}},"branchMap":{"0":{"loc":{"start":{"line":29,"column":6},"end":{"line":29,"column":41}},"type":"if","locations":[{"start":{"line":29,"column":6},"end":{"line":29,"column":41}},{"start":{"line":29,"column":6},"end":{"line":29,"column":41}}]},"1":{"loc":{"start":{"line":33,"column":6},"end":{"line":33,"column":41}},"type":"if","locations":[{"start":{"line":33,"column":6},"end":{"line":33,"column":41}},{"start":{"line":33,"column":6},"end":{"line":33,"column":41}}]},"2":{"loc":{"start":{"line":38,"column":6},"end":{"line":38,"column":41}},"type":"if","locations":[{"start":{"line":38,"column":6},"end":{"line":38,"column":41}},{"start":{"line":38,"column":6},"end":{"line":38,"column":41}}]},"3":{"loc":{"start":{"line":40,"column":6},"end":{"line":40,"column":28}},"type":"if","locations":[{"start":{"line":40,"column":6},"end":{"line":40,"column":28}},{"start":{"line":40,"column":6},"end":{"line":40,"column":28}}]},"4":{"loc":{"start":{"line":56,"column":2},"end":{"line":56,"column":30}},"type":"if","locations":[{"start":{"line":56,"column":2},"end":{"line":56,"column":30}},{"start":{"line":56,"column":2},"end":{"line":56,"column":30}}]},"5":{"loc":{"start":{"line":59,"column":2},"end":{"line":59,"column":22}},"type":"if","locations":[{"start":{"line":59,"column":2},"end":{"line":59,"column":22}},{"start":{"line":59,"column":2},"end":{"line":59,"column":22}}]}},"s":{"0":9,"1":9,"2":9,"3":15,"4":3,"5":0,"6":3,"7":6,"8":3,"9":0,"10":3,"11":3,"12":0,"13":3,"14":3,"15":3,"16":0,"17":3,"18":3,"19":9,"20":9,"21":12,"22":9,"23":0,"24":0,"25":0,"26":0,"27":0,"28":0,"29":0,"30":0,"31":9},"f":{"0":15,"1":3,"2":6,"3":3,"4":3,"5":3,"6":12,"7":0,"8":0},"b":{"0":[0,3],"1":[0,3],"2":[0,3],"3":[0,3],"4":[0,0],"5":[0,0]}}
,"/home/fosseddy/projects/vk-reminder/client/src/features/reminders/use-create-reminder.ts": {"path":"/home/fosseddy/projects/vk-reminder/client/src/features/reminders/use-create-reminder.ts","statementMap":{"0":{"start":{"line":1,"column":0},"end":{"line":1,"column":26}},"1":{"start":{"line":3,"column":0},"end":{"line":3,"column":36}},"2":{"start":{"line":5,"column":0},"end":{"line":5,"column":47}},"3":{"start":{"line":6,"column":0},"end":{"line":6,"column":53}},"4":{"start":{"line":9,"column":19},"end":{"line":9,"column":37}},"5":{"start":{"line":10,"column":32},"end":{"line":10,"column":53}},"6":{"start":{"line":10,"column":16},"end":{"line":10,"column":18}},"7":{"start":{"line":10,"column":28},"end":{"line":10,"column":32}},"8":{"start":{"line":11,"column":28},"end":{"line":11,"column":63}},"9":{"start":{"line":11,"column":14},"end":{"line":11,"column":16}},"10":{"start":{"line":11,"column":24},"end":{"line":11,"column":28}},"11":{"start":{"line":14,"column":38},"end":{"line":14,"column":40}},"12":{"start":{"line":14,"column":44},"end":{"line":14,"column":78}},"13":{"start":{"line":15,"column":4},"end":{"line":15,"column":19}},"14":{"start":{"line":16,"column":4},"end":{"line":16,"column":21}},"15":{"start":{"line":18,"column":16},"end":{"line":18,"column":null}},"16":{"start":{"line":18,"column":10},"end":{"line":18,"column":null}},"17":{"start":{"line":19,"column":4},"end":{"line":23,"column":null}},"18":{"start":{"line":20,"column":6},"end":{"line":20,"column":42}},"19":{"start":{"line":21,"column":6},"end":{"line":21,"column":24}},"20":{"start":{"line":22,"column":6},"end":{"line":22,"column":13}},"21":{"start":{"line":25,"column":4},"end":{"line":25,"column":45}},"22":{"start":{"line":26,"column":4},"end":{"line":26,"column":22}},"23":{"start":{"line":29,"column":2},"end":{"line":29,"column":44}},"24":{"start":{"line":8,"column":0},"end":{"line":8,"column":16}}},"fnMap":{"0":{"name":"useCreateReminder","decl":{"start":{"line":8,"column":16},"end":{"line":8,"column":33}},"loc":{"start":{"line":8,"column":33},"end":{"line":30,"column":1}}},"1":{"name":"createReminder","decl":{"start":{"line":14,"column":17},"end":{"line":14,"column":31}},"loc":{"start":{"line":14,"column":78},"end":{"line":27,"column":null}}}},"branchMap":{"0":{"loc":{"start":{"line":19,"column":4},"end":{"line":23,"column":null}},"type":"if","locations":[{"start":{"line":19,"column":4},"end":{"line":23,"column":null}},{"start":{"line":19,"column":4},"end":{"line":23,"column":null}}]}},"s":{"0":9,"1":9,"2":9,"3":9,"4":13,"5":13,"6":13,"7":13,"8":13,"9":13,"10":13,"11":4,"12":4,"13":4,"14":4,"15":4,"16":4,"17":4,"18":1,"19":1,"20":1,"21":3,"22":3,"23":13,"24":9},"f":{"0":13,"1":4},"b":{"0":[1,3]}}
,"/home/fosseddy/projects/vk-reminder/client/src/features/reminders/use-delete-reminder.ts": {"path":"/home/fosseddy/projects/vk-reminder/client/src/features/reminders/use-delete-reminder.ts","statementMap":{"0":{"start":{"line":1,"column":0},"end":{"line":1,"column":26}},"1":{"start":{"line":3,"column":0},"end":{"line":3,"column":36}},"2":{"start":{"line":5,"column":0},"end":{"line":5,"column":47}},"3":{"start":{"line":6,"column":0},"end":{"line":6,"column":53}},"4":{"start":{"line":9,"column":19},"end":{"line":9,"column":37}},"5":{"start":{"line":11,"column":32},"end":{"line":11,"column":53}},"6":{"start":{"line":11,"column":16},"end":{"line":11,"column":18}},"7":{"start":{"line":11,"column":28},"end":{"line":11,"column":32}},"8":{"start":{"line":12,"column":28},"end":{"line":12,"column":63}},"9":{"start":{"line":12,"column":14},"end":{"line":12,"column":16}},"10":{"start":{"line":12,"column":24},"end":{"line":12,"column":28}},"11":{"start":{"line":15,"column":4},"end":{"line":15,"column":21}},"12":{"start":{"line":16,"column":4},"end":{"line":16,"column":19}},"13":{"start":{"line":18,"column":16},"end":{"line":18,"column":null}},"14":{"start":{"line":18,"column":10},"end":{"line":18,"column":null}},"15":{"start":{"line":19,"column":4},"end":{"line":23,"column":null}},"16":{"start":{"line":20,"column":6},"end":{"line":20,"column":42}},"17":{"start":{"line":21,"column":6},"end":{"line":21,"column":24}},"18":{"start":{"line":22,"column":6},"end":{"line":22,"column":13}},"19":{"start":{"line":25,"column":4},"end":{"line":25,"column":22}},"20":{"start":{"line":26,"column":4},"end":{"line":26,"column":50}},"21":{"start":{"line":29,"column":2},"end":{"line":29,"column":44}},"22":{"start":{"line":8,"column":0},"end":{"line":8,"column":16}}},"fnMap":{"0":{"name":"useDeleteReminder","decl":{"start":{"line":8,"column":16},"end":{"line":8,"column":33}},"loc":{"start":{"line":8,"column":33},"end":{"line":30,"column":1}}},"1":{"name":"deleteReminder","decl":{"start":{"line":14,"column":17},"end":{"line":14,"column":31}},"loc":{"start":{"line":14,"column":42},"end":{"line":27,"column":null}}}},"branchMap":{"0":{"loc":{"start":{"line":19,"column":4},"end":{"line":23,"column":null}},"type":"if","locations":[{"start":{"line":19,"column":4},"end":{"line":23,"column":null}},{"start":{"line":19,"column":4},"end":{"line":23,"column":null}}]}},"s":{"0":9,"1":9,"2":9,"3":9,"4":13,"5":13,"6":13,"7":13,"8":13,"9":13,"10":13,"11":4,"12":4,"13":4,"14":4,"15":4,"16":1,"17":1,"18":1,"19":3,"20":3,"21":13,"22":9},"f":{"0":13,"1":4},"b":{"0":[1,3]}}
,"/home/fosseddy/projects/vk-reminder/client/src/features/reminders/use-get-reminders.ts": {"path":"/home/fosseddy/projects/vk-reminder/client/src/features/reminders/use-get-reminders.ts","statementMap":{"0":{"start":{"line":1,"column":0},"end":{"line":1,"column":26}},"1":{"start":{"line":3,"column":0},"end":{"line":3,"column":36}},"2":{"start":{"line":5,"column":0},"end":{"line":5,"column":65}},"3":{"start":{"line":6,"column":0},"end":{"line":6,"column":70}},"4":{"start":{"line":8,"column":0},"end":{"line":8,"column":16}},"5":{"start":{"line":9,"column":19},"end":{"line":9,"column":37}},"6":{"start":{"line":10,"column":20},"end":{"line":10,"column":53}},"7":{"start":{"line":11,"column":32},"end":{"line":11,"column":53}},"8":{"start":{"line":11,"column":16},"end":{"line":11,"column":18}},"9":{"start":{"line":11,"column":28},"end":{"line":11,"column":32}},"10":{"start":{"line":12,"column":28},"end":{"line":12,"column":63}},"11":{"start":{"line":12,"column":14},"end":{"line":12,"column":16}},"12":{"start":{"line":12,"column":24},"end":{"line":12,"column":28}},"13":{"start":{"line":14,"column":2},"end":{"line":31,"column":28}},"14":{"start":{"line":15,"column":4},"end":{"line":15,"column":34}},"15":{"start":{"line":15,"column":27},"end":{"line":15,"column":34}},"16":{"start":{"line":17,"column":4},"end":{"line":30,"column":9}},"17":{"start":{"line":17,"column":5},"end":{"line":30,"column":6}},"18":{"start":{"line":18,"column":6},"end":{"line":18,"column":23}},"19":{"start":{"line":19,"column":6},"end":{"line":19,"column":21}},"20":{"start":{"line":21,"column":18},"end":{"line":21,"column":null}},"21":{"start":{"line":21,"column":12},"end":{"line":21,"column":null}},"22":{"start":{"line":22,"column":6},"end":{"line":26,"column":null}},"23":{"start":{"line":23,"column":8},"end":{"line":23,"column":26}},"24":{"start":{"line":24,"column":8},"end":{"line":24,"column":44}},"25":{"start":{"line":25,"column":8},"end":{"line":25,"column":15}},"26":{"start":{"line":28,"column":6},"end":{"line":28,"column":56}},"27":{"start":{"line":29,"column":6},"end":{"line":29,"column":24}},"28":{"start":{"line":33,"column":2},"end":{"line":33,"column":39}}},"fnMap":{"0":{"name":"useGetReminders","decl":{"start":{"line":8,"column":16},"end":{"line":8,"column":31}},"loc":{"start":{"line":8,"column":31},"end":{"line":34,"column":1}}},"1":{"name":"(anonymous_15)","decl":{"start":{"line":14,"column":18},"end":{"line":14,"column":null}},"loc":{"start":{"line":14,"column":18},"end":{"line":31,"column":3}}},"2":{"name":"(anonymous_16)","decl":{"start":{"line":17,"column":5},"end":{"line":17,"column":null}},"loc":{"start":{"line":17,"column":5},"end":{"line":30,"column":6}}}},"branchMap":{"0":{"loc":{"start":{"line":15,"column":4},"end":{"line":15,"column":34}},"type":"if","locations":[{"start":{"line":15,"column":4},"end":{"line":15,"column":34}},{"start":{"line":15,"column":4},"end":{"line":15,"column":34}}]},"1":{"loc":{"start":{"line":22,"column":6},"end":{"line":26,"column":null}},"type":"if","locations":[{"start":{"line":22,"column":6},"end":{"line":26,"column":null}},{"start":{"line":22,"column":6},"end":{"line":26,"column":null}}]}},"s":{"0":9,"1":9,"2":9,"3":9,"4":22,"5":13,"6":13,"7":13,"8":13,"9":13,"10":13,"11":13,"12":13,"13":13,"14":6,"15":3,"16":3,"17":3,"18":3,"19":3,"20":3,"21":3,"22":3,"23":1,"24":1,"25":1,"26":2,"27":2,"28":13},"f":{"0":13,"1":6,"2":6},"b":{"0":[3,3],"1":[1,2]}}
,"/home/fosseddy/projects/vk-reminder/client/src/features/reminders/use-update-reminder.ts": {"path":"/home/fosseddy/projects/vk-reminder/client/src/features/reminders/use-update-reminder.ts","statementMap":{"0":{"start":{"line":1,"column":0},"end":{"line":1,"column":26}},"1":{"start":{"line":3,"column":0},"end":{"line":3,"column":36}},"2":{"start":{"line":5,"column":0},"end":{"line":5,"column":47}},"3":{"start":{"line":6,"column":0},"end":{"line":6,"column":53}},"4":{"start":{"line":9,"column":19},"end":{"line":9,"column":37}},"5":{"start":{"line":10,"column":32},"end":{"line":10,"column":53}},"6":{"start":{"line":10,"column":16},"end":{"line":10,"column":18}},"7":{"start":{"line":10,"column":28},"end":{"line":10,"column":32}},"8":{"start":{"line":11,"column":28},"end":{"line":11,"column":63}},"9":{"start":{"line":11,"column":14},"end":{"line":11,"column":16}},"10":{"start":{"line":11,"column":24},"end":{"line":11,"column":28}},"11":{"start":{"line":14,"column":36},"end":{"line":14,"column":38}},"12":{"start":{"line":14,"column":42},"end":{"line":14,"column":44}},"13":{"start":{"line":14,"column":48},"end":{"line":14,"column":94}},"14":{"start":{"line":15,"column":4},"end":{"line":15,"column":21}},"15":{"start":{"line":16,"column":4},"end":{"line":16,"column":19}},"16":{"start":{"line":18,"column":16},"end":{"line":18,"column":null}},"17":{"start":{"line":18,"column":10},"end":{"line":18,"column":null}},"18":{"start":{"line":19,"column":4},"end":{"line":23,"column":null}},"19":{"start":{"line":20,"column":6},"end":{"line":20,"column":42}},"20":{"start":{"line":21,"column":6},"end":{"line":21,"column":24}},"21":{"start":{"line":22,"column":6},"end":{"line":22,"column":13}},"22":{"start":{"line":25,"column":4},"end":{"line":25,"column":58}},"23":{"start":{"line":27,"column":4},"end":{"line":27,"column":22}},"24":{"start":{"line":30,"column":2},"end":{"line":30,"column":44}},"25":{"start":{"line":8,"column":0},"end":{"line":8,"column":16}}},"fnMap":{"0":{"name":"useUpdateReminder","decl":{"start":{"line":8,"column":16},"end":{"line":8,"column":33}},"loc":{"start":{"line":8,"column":33},"end":{"line":31,"column":1}}},"1":{"name":"updateReminder","decl":{"start":{"line":14,"column":17},"end":{"line":14,"column":31}},"loc":{"start":{"line":14,"column":94},"end":{"line":28,"column":null}}}},"branchMap":{"0":{"loc":{"start":{"line":19,"column":4},"end":{"line":23,"column":null}},"type":"if","locations":[{"start":{"line":19,"column":4},"end":{"line":23,"column":null}},{"start":{"line":19,"column":4},"end":{"line":23,"column":null}}]}},"s":{"0":9,"1":9,"2":9,"3":9,"4":13,"5":13,"6":13,"7":13,"8":13,"9":13,"10":13,"11":4,"12":4,"13":4,"14":4,"15":4,"16":4,"17":4,"18":4,"19":1,"20":1,"21":1,"22":3,"23":3,"24":13,"25":9},"f":{"0":13,"1":4},"b":{"0":[1,3]}}
,"/home/fosseddy/projects/vk-reminder/client/src/lib/api/index.ts": {"path":"/home/fosseddy/projects/vk-reminder/client/src/lib/api/index.ts","statementMap":{"0":{"start":{"line":1,"column":0},"end":{"line":1,"column":31}},"1":{"start":{"line":2,"column":0},"end":{"line":2,"column":41}},"2":{"start":{"line":5,"column":13},"end":{"line":8,"column":2}}},"fnMap":{},"branchMap":{},"s":{"0":9,"1":9,"2":9},"f":{},"b":{}}
,"/home/fosseddy/projects/vk-reminder/client/src/lib/api/reminders.ts": {"path":"/home/fosseddy/projects/vk-reminder/client/src/lib/api/reminders.ts","statementMap":{"0":{"start":{"line":1,"column":0},"end":{"line":1,"column":54}},"1":{"start":{"line":6,"column":2},"end":{"line":16,"column":5}},"2":{"start":{"line":7,"column":4},"end":{"line":15,"column":12}},"3":{"start":{"line":8,"column":18},"end":{"line":8,"column":48}},"4":{"start":{"line":10,"column":6},"end":{"line":14,"column":null}},"5":{"start":{"line":11,"column":8},"end":{"line":11,"column":22}},"6":{"start":{"line":13,"column":8},"end":{"line":13,"column":40}},"7":{"start":{"line":21,"column":16},"end":{"line":21,"column":null}},"8":{"start":{"line":21,"column":10},"end":{"line":21,"column":null}},"9":{"start":{"line":22,"column":4},"end":{"line":22,"column":44}},"10":{"start":{"line":24,"column":10},"end":{"line":24,"column":29}},"11":{"start":{"line":25,"column":4},"end":{"line":25,"column":49}},"12":{"start":{"line":19,"column":0},"end":{"line":19,"column":22}},"13":{"start":{"line":32,"column":16},"end":{"line":32,"column":null}},"14":{"start":{"line":32,"column":10},"end":{"line":32,"column":null}},"15":{"start":{"line":33,"column":4},"end":{"line":33,"column":47}},"16":{"start":{"line":35,"column":10},"end":{"line":35,"column":29}},"17":{"start":{"line":36,"column":4},"end":{"line":36,"column":49}},"18":{"start":{"line":30,"column":0},"end":{"line":30,"column":22}},"19":{"start":{"line":41,"column":35},"end":{"line":41,"column":37}},"20":{"start":{"line":41,"column":41},"end":{"line":41,"column":75}},"21":{"start":{"line":43,"column":16},"end":{"line":43,"column":null}},"22":{"start":{"line":43,"column":10},"end":{"line":43,"column":null}},"23":{"start":{"line":44,"column":4},"end":{"line":44,"column":52}},"24":{"start":{"line":46,"column":10},"end":{"line":46,"column":29}},"25":{"start":{"line":47,"column":4},"end":{"line":47,"column":49}},"26":{"start":{"line":41,"column":0},"end":{"line":41,"column":22}},"27":{"start":{"line":52,"column":33},"end":{"line":52,"column":35}},"28":{"start":{"line":52,"column":39},"end":{"line":52,"column":41}},"29":{"start":{"line":52,"column":45},"end":{"line":52,"column":91}},"30":{"start":{"line":54,"column":16},"end":{"line":54,"column":null}},"31":{"start":{"line":54,"column":10},"end":{"line":54,"column":null}},"32":{"start":{"line":55,"column":4},"end":{"line":55,"column":52}},"33":{"start":{"line":57,"column":10},"end":{"line":57,"column":29}},"34":{"start":{"line":58,"column":4},"end":{"line":58,"column":49}},"35":{"start":{"line":52,"column":0},"end":{"line":52,"column":22}}},"fnMap":{"0":{"name":"fakeRequest","decl":{"start":{"line":5,"column":9},"end":{"line":5,"column":20}},"loc":{"start":{"line":5,"column":31},"end":{"line":17,"column":1}}},"1":{"name":"(anonymous_15)","decl":{"start":{"line":6,"column":21},"end":{"line":6,"column":22}},"loc":{"start":{"line":6,"column":37},"end":{"line":16,"column":3}}},"2":{"name":"(anonymous_16)","decl":{"start":{"line":7,"column":15},"end":{"line":7,"column":null}},"loc":{"start":{"line":7,"column":15},"end":{"line":15,"column":5}}},"3":{"name":"getAll","decl":{"start":{"line":19,"column":22},"end":{"line":19,"column":28}},"loc":{"start":{"line":19,"column":28},"end":{"line":27,"column":null}}},"4":{"name":"deleteReminder","decl":{"start":{"line":30,"column":22},"end":{"line":30,"column":36}},"loc":{"start":{"line":30,"column":47},"end":{"line":38,"column":null}}},"5":{"name":"create","decl":{"start":{"line":41,"column":22},"end":{"line":41,"column":28}},"loc":{"start":{"line":41,"column":75},"end":{"line":49,"column":null}}},"6":{"name":"update","decl":{"start":{"line":52,"column":22},"end":{"line":52,"column":28}},"loc":{"start":{"line":52,"column":91},"end":{"line":60,"column":null}}}},"branchMap":{"0":{"loc":{"start":{"line":10,"column":6},"end":{"line":14,"column":null}},"type":"if","locations":[{"start":{"line":10,"column":6},"end":{"line":14,"column":null}},{"start":{"line":10,"column":6},"end":{"line":14,"column":null}}]}},"s":{"0":9,"1":0,"2":0,"3":0,"4":0,"5":0,"6":0,"7":0,"8":0,"9":0,"10":0,"11":0,"12":9,"13":0,"14":0,"15":0,"16":0,"17":0,"18":9,"19":0,"20":0,"21":0,"22":0,"23":0,"24":0,"25":0,"26":9,"27":0,"28":0,"29":0,"30":0,"31":0,"32":0,"33":0,"34":0,"35":9},"f":{"0":0,"1":0,"2":0,"3":0,"4":0,"5":0,"6":0},"b":{"0":[0,0]}}
,"/home/fosseddy/projects/vk-reminder/client/src/lib/api/user.ts": {"path":"/home/fosseddy/projects/vk-reminder/client/src/lib/api/user.ts","statementMap":{"0":{"start":{"line":1,"column":0},"end":{"line":1,"column":26}},"1":{"start":{"line":2,"column":0},"end":{"line":2,"column":30}},"2":{"start":{"line":15,"column":16},"end":{"line":15,"column":null}},"3":{"start":{"line":15,"column":10},"end":{"line":15,"column":null}},"4":{"start":{"line":16,"column":4},"end":{"line":16,"column":30}},"5":{"start":{"line":18,"column":4},"end":{"line":18,"column":26}},"6":{"start":{"line":13,"column":0},"end":{"line":13,"column":22}},"7":{"start":{"line":29,"column":22},"end":{"line":29,"column":null}},"8":{"start":{"line":29,"column":8},"end":{"line":29,"column":null}},"9":{"start":{"line":30,"column":2},"end":{"line":32,"column":null}},"10":{"start":{"line":31,"column":4},"end":{"line":31,"column":27}},"11":{"start":{"line":34,"column":8},"end":{"line":34,"column":39}},"12":{"start":{"line":35,"column":26},"end":{"line":35,"column":null}},"13":{"start":{"line":35,"column":8},"end":{"line":35,"column":26}},"14":{"start":{"line":37,"column":2},"end":{"line":39,"column":null}},"15":{"start":{"line":38,"column":4},"end":{"line":38,"column":27}},"16":{"start":{"line":41,"column":2},"end":{"line":41,"column":39}},"17":{"start":{"line":28,"column":0},"end":{"line":28,"column":22}}},"fnMap":{"0":{"name":"isVKCommunityMessagesAllowed","decl":{"start":{"line":13,"column":22},"end":{"line":13,"column":50}},"loc":{"start":{"line":13,"column":65},"end":{"line":20,"column":null}}},"1":{"name":"getInfo","decl":{"start":{"line":28,"column":22},"end":{"line":28,"column":29}},"loc":{"start":{"line":28,"column":40},"end":{"line":42,"column":null}}}},"branchMap":{"0":{"loc":{"start":{"line":29,"column":22},"end":{"line":29,"column":null}},"type":"switch","locations":[{"start":{"line":29,"column":22},"end":{"line":29,"column":null}}]},"1":{"loc":{"start":{"line":30,"column":2},"end":{"line":32,"column":null}},"type":"if","locations":[{"start":{"line":30,"column":2},"end":{"line":32,"column":null}},{"start":{"line":30,"column":2},"end":{"line":32,"column":null}}]},"2":{"loc":{"start":{"line":30,"column":6},"end":{"line":30,"column":23}},"type":"binary-expr","locations":[{"start":{"line":30,"column":6},"end":{"line":30,"column":23}},{"start":{"line":30,"column":27},"end":{"line":30,"column":51}}]},"3":{"loc":{"start":{"line":37,"column":2},"end":{"line":39,"column":null}},"type":"if","locations":[{"start":{"line":37,"column":2},"end":{"line":39,"column":null}},{"start":{"line":37,"column":2},"end":{"line":39,"column":null}}]},"4":{"loc":{"start":{"line":37,"column":6},"end":{"line":37,"column":11}},"type":"binary-expr","locations":[{"start":{"line":37,"column":6},"end":{"line":37,"column":11}},{"start":{"line":37,"column":15},"end":{"line":37,"column":20}}]}},"s":{"0":9,"1":9,"2":0,"3":0,"4":0,"5":0,"6":9,"7":0,"8":0,"9":0,"10":0,"11":0,"12":0,"13":0,"14":0,"15":0,"16":0,"17":9},"f":{"0":0,"1":0},"b":{"0":[0],"1":[0,0],"2":[0,0],"3":[0,0],"4":[0,0]}}
,"/home/fosseddy/projects/vk-reminder/client/src/lib/vk/api.ts": {"path":"/home/fosseddy/projects/vk-reminder/client/src/lib/vk/api.ts","statementMap":{"0":{"start":{"line":4,"column":23},"end":{"line":4,"column":30}},"1":{"start":{"line":28,"column":2},"end":{"line":34,"column":5}},"2":{"start":{"line":29,"column":4},"end":{"line":33,"column":6}},"3":{"start":{"line":32,"column":35},"end":{"line":32,"column":null}},"4":{"start":{"line":27,"column":0},"end":{"line":27,"column":16}},"5":{"start":{"line":38,"column":2},"end":{"line":38,"column":66}},"6":{"start":{"line":37,"column":0},"end":{"line":37,"column":16}}},"fnMap":{"0":{"name":"call","decl":{"start":{"line":27,"column":16},"end":{"line":27,"column":20}},"loc":{"start":{"line":27,"column":71},"end":{"line":35,"column":1}}},"1":{"name":"(anonymous_3)","decl":{"start":{"line":28,"column":21},"end":{"line":28,"column":28}},"loc":{"start":{"line":28,"column":28},"end":{"line":34,"column":3}}},"2":{"name":"(anonymous_4)","decl":{"start":{"line":32,"column":6},"end":{"line":32,"column":7}},"loc":{"start":{"line":32,"column":30},"end":{"line":32,"column":42}}},"3":{"name":"getUserInfo","decl":{"start":{"line":37,"column":16},"end":{"line":37,"column":27}},"loc":{"start":{"line":37,"column":38},"end":{"line":39,"column":1}}}},"branchMap":{},"s":{"0":13,"1":0,"2":0,"3":0,"4":13,"5":0,"6":13},"f":{"0":0,"1":0,"2":0,"3":0},"b":{}}
,"/home/fosseddy/projects/vk-reminder/client/src/lib/vk/auth.ts": {"path":"/home/fosseddy/projects/vk-reminder/client/src/lib/vk/auth.ts","statementMap":{"0":{"start":{"line":42,"column":2},"end":{"line":44,"column":5}},"1":{"start":{"line":43,"column":4},"end":{"line":43,"column":56}},"2":{"start":{"line":43,"column":42},"end":{"line":43,"column":55}},"3":{"start":{"line":41,"column":0},"end":{"line":41,"column":16}},"4":{"start":{"line":48,"column":2},"end":{"line":50,"column":5}},"5":{"start":{"line":49,"column":4},"end":{"line":49,"column":58}},"6":{"start":{"line":49,"column":44},"end":{"line":49,"column":57}},"7":{"start":{"line":47,"column":0},"end":{"line":47,"column":16}},"8":{"start":{"line":54,"column":2},"end":{"line":56,"column":5}},"9":{"start":{"line":55,"column":4},"end":{"line":55,"column":71}},"10":{"start":{"line":55,"column":57},"end":{"line":55,"column":70}},"11":{"start":{"line":53,"column":0},"end":{"line":53,"column":16}}},"fnMap":{"0":{"name":"login","decl":{"start":{"line":41,"column":16},"end":{"line":41,"column":21}},"loc":{"start":{"line":41,"column":21},"end":{"line":45,"column":1}}},"1":{"name":"(anonymous_1)","decl":{"start":{"line":42,"column":21},"end":{"line":42,"column":28}},"loc":{"start":{"line":42,"column":28},"end":{"line":44,"column":3}}},"2":{"name":"(anonymous_2)","decl":{"start":{"line":43,"column":18},"end":{"line":43,"column":19}},"loc":{"start":{"line":43,"column":37},"end":{"line":43,"column":49}}},"3":{"name":"logout","decl":{"start":{"line":47,"column":16},"end":{"line":47,"column":22}},"loc":{"start":{"line":47,"column":22},"end":{"line":51,"column":1}}},"4":{"name":"(anonymous_4)","decl":{"start":{"line":48,"column":21},"end":{"line":48,"column":28}},"loc":{"start":{"line":48,"column":28},"end":{"line":50,"column":3}}},"5":{"name":"(anonymous_5)","decl":{"start":{"line":49,"column":19},"end":{"line":49,"column":20}},"loc":{"start":{"line":49,"column":39},"end":{"line":49,"column":51}}},"6":{"name":"getLoginStatus","decl":{"start":{"line":53,"column":16},"end":{"line":53,"column":30}},"loc":{"start":{"line":53,"column":30},"end":{"line":57,"column":1}}},"7":{"name":"(anonymous_7)","decl":{"start":{"line":54,"column":21},"end":{"line":54,"column":28}},"loc":{"start":{"line":54,"column":28},"end":{"line":56,"column":3}}},"8":{"name":"(anonymous_8)","decl":{"start":{"line":55,"column":27},"end":{"line":55,"column":28}},"loc":{"start":{"line":55,"column":52},"end":{"line":55,"column":64}}}},"branchMap":{},"s":{"0":0,"1":0,"2":0,"3":13,"4":0,"5":0,"6":0,"7":13,"8":0,"9":0,"10":0,"11":13},"f":{"0":0,"1":0,"2":0,"3":0,"4":0,"5":0,"6":0,"7":0,"8":0},"b":{}}
,"/home/fosseddy/projects/vk-reminder/client/src/lib/vk/index.ts": {"path":"/home/fosseddy/projects/vk-reminder/client/src/lib/vk/index.ts","statementMap":{"0":{"start":{"line":1,"column":0},"end":{"line":1,"column":31}},"1":{"start":{"line":2,"column":0},"end":{"line":2,"column":29}},"2":{"start":{"line":3,"column":0},"end":{"line":3,"column":39}},"3":{"start":{"line":4,"column":0},"end":{"line":4,"column":37}},"4":{"start":{"line":6,"column":0},"end":{"line":6,"column":32}},"5":{"start":{"line":8,"column":13},"end":{"line":13,"column":2}},"6":{"start":{"line":15,"column":0},"end":{"line":15,"column":null}},"7":{"start":{"line":16,"column":2},"end":{"line":16,"column":null}},"8":{"start":{"line":17,"column":2},"end":{"line":17,"column":null}}},"fnMap":{"0":{"name":"(anonymous_7)","decl":{"start":{"line":15,"column":0},"end":{"line":15,"column":12}},"loc":{"start":{"line":15,"column":20},"end":{"line":18,"column":1}}}},"branchMap":{"0":{"loc":{"start":{"line":15,"column":12},"end":{"line":15,"column":20}},"type":"binary-expr","locations":[{"start":{"line":15,"column":12},"end":{"line":15,"column":20}},{"start":{"line":15,"column":12},"end":{"line":15,"column":null}}]}},"s":{"0":13,"1":13,"2":13,"3":13,"4":13,"5":13,"6":13,"7":13,"8":13},"f":{"0":13},"b":{"0":[13,13]}}
,"/home/fosseddy/projects/vk-reminder/client/src/lib/vk/observer.ts": {"path":"/home/fosseddy/projects/vk-reminder/client/src/lib/vk/observer.ts","statementMap":{"0":{"start":{"line":7,"column":2},"end":{"line":7,"column":35}},"1":{"start":{"line":6,"column":0},"end":{"line":6,"column":16}},"2":{"start":{"line":11,"column":2},"end":{"line":11,"column":37}},"3":{"start":{"line":10,"column":0},"end":{"line":10,"column":16}}},"fnMap":{"0":{"name":"subscribe","decl":{"start":{"line":6,"column":16},"end":{"line":6,"column":25}},"loc":{"start":{"line":6,"column":61},"end":{"line":8,"column":1}}},"1":{"name":"unsubscribe","decl":{"start":{"line":10,"column":16},"end":{"line":10,"column":27}},"loc":{"start":{"line":10,"column":64},"end":{"line":12,"column":1}}}},"branchMap":{},"s":{"0":0,"1":13,"2":0,"3":13},"f":{"0":0,"1":0},"b":{}}
,"/home/fosseddy/projects/vk-reminder/client/src/lib/vk/widgets-react.tsx": {"path":"/home/fosseddy/projects/vk-reminder/client/src/lib/vk/widgets-react.tsx","statementMap":{"0":{"start":{"line":1,"column":0},"end":{"line":1,"column":26}},"1":{"start":{"line":2,"column":0},"end":{"line":2,"column":37}},"2":{"start":{"line":3,"column":0},"end":{"line":3,"column":39}},"3":{"start":{"line":5,"column":0},"end":{"line":5,"column":35}},"4":{"start":{"line":13,"column":2},"end":{"line":13,"column":9}},"5":{"start":{"line":13,"column":9},"end":{"line":13,"column":null}},"6":{"start":{"line":14,"column":2},"end":{"line":14,"column":8}},"7":{"start":{"line":14,"column":8},"end":{"line":14,"column":null}},"8":{"start":{"line":16,"column":23},"end":{"line":16,"column":51}},"9":{"start":{"line":18,"column":2},"end":{"line":20,"column":9}},"10":{"start":{"line":19,"column":4},"end":{"line":19,"column":53}},"11":{"start":{"line":22,"column":2},"end":{"line":30,"column":5}},"12":{"start":{"line":23,"column":4},"end":{"line":23,"column":64}},"13":{"start":{"line":24,"column":4},"end":{"line":24,"column":62}},"14":{"start":{"line":26,"column":4},"end":{"line":29,"column":6}},"15":{"start":{"line":27,"column":6},"end":{"line":27,"column":68}},"16":{"start":{"line":28,"column":6},"end":{"line":28,"column":66}},"17":{"start":{"line":32,"column":2},"end":{"line":34,"column":4}},"18":{"start":{"line":12,"column":0},"end":{"line":12,"column":16}}},"fnMap":{"0":{"name":"VKAllowMessagesFromCommunityWidget","decl":{"start":{"line":12,"column":16},"end":{"line":12,"column":50}},"loc":{"start":{"line":15,"column":8},"end":{"line":35,"column":1}}},"1":{"name":"(anonymous_8)","decl":{"start":{"line":13,"column":12},"end":{"line":13,"column":19}},"loc":{"start":{"line":13,"column":12},"end":{"line":13,"column":20}}},"2":{"name":"(anonymous_9)","decl":{"start":{"line":14,"column":11},"end":{"line":14,"column":18}},"loc":{"start":{"line":14,"column":11},"end":{"line":14,"column":19}}},"3":{"name":"(anonymous_10)","decl":{"start":{"line":18,"column":24},"end":{"line":18,"column":null}},"loc":{"start":{"line":18,"column":24},"end":{"line":20,"column":3}}},"4":{"name":"(anonymous_11)","decl":{"start":{"line":22,"column":18},"end":{"line":22,"column":null}},"loc":{"start":{"line":22,"column":18},"end":{"line":30,"column":3}}},"5":{"name":"(anonymous_12)","decl":{"start":{"line":26,"column":11},"end":{"line":26,"column":null}},"loc":{"start":{"line":26,"column":11},"end":{"line":29,"column":5}}}},"branchMap":{"0":{"loc":{"start":{"line":13,"column":12},"end":{"line":13,"column":20}},"type":"cond-expr","locations":[{"start":{"line":13,"column":12},"end":{"line":13,"column":20}},{"start":{"line":13,"column":20},"end":{"line":13,"column":null}}]},"1":{"loc":{"start":{"line":14,"column":11},"end":{"line":14,"column":19}},"type":"cond-expr","locations":[{"start":{"line":14,"column":11},"end":{"line":14,"column":19}},{"start":{"line":14,"column":19},"end":{"line":14,"column":null}}]}},"s":{"0":13,"1":13,"2":13,"3":13,"4":0,"5":0,"6":0,"7":0,"8":0,"9":0,"10":0,"11":0,"12":0,"13":0,"14":0,"15":0,"16":0,"17":0,"18":13},"f":{"0":0,"1":0,"2":0,"3":0,"4":0,"5":0},"b":{"0":[0,0],"1":[0,0]}}
,"/home/fosseddy/projects/vk-reminder/client/src/lib/vk/widgets.ts": {"path":"/home/fosseddy/projects/vk-reminder/client/src/lib/vk/widgets.ts","statementMap":{"0":{"start":{"line":4,"column":17},"end":{"line":4,"column":28}},"1":{"start":{"line":6,"column":62},"end":{"line":6,"column":null}},"2":{"start":{"line":7,"column":2},"end":{"line":7,"column":73}},"3":{"start":{"line":6,"column":0},"end":{"line":6,"column":16}}},"fnMap":{"0":{"name":"AllowMessagesFromCommunity","decl":{"start":{"line":6,"column":16},"end":{"line":6,"column":42}},"loc":{"start":{"line":6,"column":73},"end":{"line":8,"column":1}}}},"branchMap":{"0":{"loc":{"start":{"line":6,"column":62},"end":{"line":6,"column":null}},"type":"if","locations":[{"start":{"line":6,"column":62},"end":{"line":6,"column":null}},{"start":{"line":6,"column":62},"end":{"line":6,"column":null}}]}},"s":{"0":13,"1":0,"2":0,"3":13},"f":{"0":0},"b":{"0":[0,0]}}
,"/home/fosseddy/projects/vk-reminder/client/src/routing/app-routes.tsx": {"path":"/home/fosseddy/projects/vk-reminder/client/src/routing/app-routes.tsx","statementMap":{"0":{"start":{"line":1,"column":0},"end":{"line":1,"column":26}},"1":{"start":{"line":2,"column":0},"end":{"line":2,"column":49}},"2":{"start":{"line":4,"column":0},"end":{"line":4,"column":34}},"3":{"start":{"line":6,"column":0},"end":{"line":6,"column":47}},"4":{"start":{"line":8,"column":17},"end":{"line":8,"column":98}},"5":{"start":{"line":8,"column":34},"end":{"line":8,"column":98}},"6":{"start":{"line":8,"column":34},"end":{"line":8,"column":61}},"7":{"start":{"line":8,"column":71},"end":{"line":8,"column":97}},"8":{"start":{"line":10,"column":18},"end":{"line":10,"column":100}},"9":{"start":{"line":10,"column":35},"end":{"line":10,"column":100}},"10":{"start":{"line":10,"column":35},"end":{"line":10,"column":62}},"11":{"start":{"line":10,"column":72},"end":{"line":10,"column":99}},"12":{"start":{"line":11,"column":39},"end":{"line":11,"column":142}},"13":{"start":{"line":11,"column":56},"end":{"line":11,"column":142}},"14":{"start":{"line":11,"column":56},"end":{"line":11,"column":83}},"15":{"start":{"line":11,"column":93},"end":{"line":11,"column":141}},"16":{"start":{"line":13,"column":22},"end":{"line":13,"column":113}},"17":{"start":{"line":13,"column":39},"end":{"line":13,"column":113}},"18":{"start":{"line":13,"column":39},"end":{"line":13,"column":71}},"19":{"start":{"line":13,"column":81},"end":{"line":13,"column":112}},"20":{"start":{"line":14,"column":24},"end":{"line":14,"column":117}},"21":{"start":{"line":14,"column":41},"end":{"line":14,"column":117}},"22":{"start":{"line":14,"column":41},"end":{"line":14,"column":73}},"23":{"start":{"line":14,"column":83},"end":{"line":14,"column":116}},"24":{"start":{"line":16,"column":21},"end":{"line":16,"column":106}},"25":{"start":{"line":16,"column":38},"end":{"line":16,"column":106}},"26":{"start":{"line":16,"column":38},"end":{"line":16,"column":65}},"27":{"start":{"line":16,"column":75},"end":{"line":16,"column":105}},"28":{"start":{"line":19,"column":2},"end":{"line":35,"column":4}},"29":{"start":{"line":18,"column":0},"end":{"line":18,"column":16}}},"fnMap":{"0":{"name":"(anonymous_7)","decl":{"start":{"line":8,"column":28},"end":{"line":8,"column":34}},"loc":{"start":{"line":8,"column":28},"end":{"line":8,"column":41}}},"1":{"name":"(anonymous_8)","decl":{"start":{"line":8,"column":34},"end":{"line":8,"column":41}},"loc":{"start":{"line":8,"column":34},"end":{"line":8,"column":61}}},"2":{"name":"(anonymous_9)","decl":{"start":{"line":8,"column":66},"end":{"line":8,"column":67}},"loc":{"start":{"line":8,"column":67},"end":{"line":8,"column":72}}},"3":{"name":"(anonymous_10)","decl":{"start":{"line":10,"column":29},"end":{"line":10,"column":35}},"loc":{"start":{"line":10,"column":29},"end":{"line":10,"column":42}}},"4":{"name":"(anonymous_11)","decl":{"start":{"line":10,"column":35},"end":{"line":10,"column":42}},"loc":{"start":{"line":10,"column":35},"end":{"line":10,"column":62}}},"5":{"name":"(anonymous_12)","decl":{"start":{"line":10,"column":67},"end":{"line":10,"column":68}},"loc":{"start":{"line":10,"column":68},"end":{"line":10,"column":73}}},"6":{"name":"(anonymous_13)","decl":{"start":{"line":11,"column":50},"end":{"line":11,"column":56}},"loc":{"start":{"line":11,"column":50},"end":{"line":11,"column":63}}},"7":{"name":"(anonymous_14)","decl":{"start":{"line":11,"column":56},"end":{"line":11,"column":63}},"loc":{"start":{"line":11,"column":56},"end":{"line":11,"column":83}}},"8":{"name":"(anonymous_15)","decl":{"start":{"line":11,"column":88},"end":{"line":11,"column":89}},"loc":{"start":{"line":11,"column":89},"end":{"line":11,"column":94}}},"9":{"name":"(anonymous_16)","decl":{"start":{"line":13,"column":33},"end":{"line":13,"column":39}},"loc":{"start":{"line":13,"column":33},"end":{"line":13,"column":46}}},"10":{"name":"(anonymous_17)","decl":{"start":{"line":13,"column":39},"end":{"line":13,"column":46}},"loc":{"start":{"line":13,"column":39},"end":{"line":13,"column":71}}},"11":{"name":"(anonymous_18)","decl":{"start":{"line":13,"column":76},"end":{"line":13,"column":77}},"loc":{"start":{"line":13,"column":77},"end":{"line":13,"column":82}}},"12":{"name":"(anonymous_19)","decl":{"start":{"line":14,"column":35},"end":{"line":14,"column":41}},"loc":{"start":{"line":14,"column":35},"end":{"line":14,"column":48}}},"13":{"name":"(anonymous_20)","decl":{"start":{"line":14,"column":41},"end":{"line":14,"column":48}},"loc":{"start":{"line":14,"column":41},"end":{"line":14,"column":73}}},"14":{"name":"(anonymous_21)","decl":{"start":{"line":14,"column":78},"end":{"line":14,"column":79}},"loc":{"start":{"line":14,"column":79},"end":{"line":14,"column":84}}},"15":{"name":"(anonymous_22)","decl":{"start":{"line":16,"column":32},"end":{"line":16,"column":38}},"loc":{"start":{"line":16,"column":32},"end":{"line":16,"column":45}}},"16":{"name":"(anonymous_23)","decl":{"start":{"line":16,"column":38},"end":{"line":16,"column":45}},"loc":{"start":{"line":16,"column":38},"end":{"line":16,"column":65}}},"17":{"name":"(anonymous_24)","decl":{"start":{"line":16,"column":70},"end":{"line":16,"column":71}},"loc":{"start":{"line":16,"column":71},"end":{"line":16,"column":76}}},"18":{"name":"AppRoutes","decl":{"start":{"line":18,"column":16},"end":{"line":18,"column":25}},"loc":{"start":{"line":18,"column":25},"end":{"line":36,"column":1}}}},"branchMap":{},"s":{"0":9,"1":9,"2":9,"3":9,"4":9,"5":0,"6":0,"7":0,"8":9,"9":0,"10":0,"11":0,"12":9,"13":0,"14":0,"15":0,"16":9,"17":0,"18":0,"19":0,"20":9,"21":0,"22":0,"23":0,"24":9,"25":0,"26":0,"27":0,"28":0,"29":9},"f":{"0":0,"1":0,"2":0,"3":0,"4":0,"5":0,"6":0,"7":0,"8":0,"9":0,"10":0,"11":0,"12":0,"13":0,"14":0,"15":0,"16":0,"17":0,"18":0},"b":{}}
,"/home/fosseddy/projects/vk-reminder/client/src/routing/index.ts": {"path":"/home/fosseddy/projects/vk-reminder/client/src/routing/index.ts","statementMap":{"0":{"start":{"line":1,"column":0},"end":{"line":1,"column":29}},"1":{"start":{"line":2,"column":0},"end":{"line":2,"column":25}}},"fnMap":{},"branchMap":{},"s":{"0":9,"1":9},"f":{},"b":{}}
,"/home/fosseddy/projects/vk-reminder/client/src/routing/not-found-page.tsx": {"path":"/home/fosseddy/projects/vk-reminder/client/src/routing/not-found-page.tsx","statementMap":{"0":{"start":{"line":1,"column":0},"end":{"line":1,"column":26}},"1":{"start":{"line":2,"column":0},"end":{"line":2,"column":40}},"2":{"start":{"line":3,"column":0},"end":{"line":3,"column":34}},"3":{"start":{"line":5,"column":0},"end":{"line":5,"column":44}},"4":{"start":{"line":6,"column":0},"end":{"line":6,"column":48}},"5":{"start":{"line":9,"column":15},"end":{"line":9,"column":45}},"6":{"start":{"line":11,"column":2},"end":{"line":18,"column":4}},"7":{"start":{"line":8,"column":0},"end":{"line":8,"column":16}}},"fnMap":{"0":{"name":"NotFoundPage","decl":{"start":{"line":8,"column":16},"end":{"line":8,"column":28}},"loc":{"start":{"line":8,"column":28},"end":{"line":19,"column":1}}}},"branchMap":{"0":{"loc":{"start":{"line":14,"column":23},"end":{"line":14,"column":39}},"type":"cond-expr","locations":[{"start":{"line":14,"column":23},"end":{"line":14,"column":39}},{"start":{"line":14,"column":42},"end":{"line":14,"column":53}}]},"1":{"loc":{"start":{"line":15,"column":16},"end":{"line":15,"column":33}},"type":"cond-expr","locations":[{"start":{"line":15,"column":16},"end":{"line":15,"column":33}},{"start":{"line":15,"column":36},"end":{"line":15,"column":48}}]}},"s":{"0":1,"1":1,"2":1,"3":1,"4":1,"5":2,"6":2,"7":1},"f":{"0":2},"b":{"0":[1,1],"1":[1,1]}}
,"/home/fosseddy/projects/vk-reminder/client/src/routing/private-route.tsx": {"path":"/home/fosseddy/projects/vk-reminder/client/src/routing/private-route.tsx","statementMap":{"0":{"start":{"line":1,"column":0},"end":{"line":1,"column":26}},"1":{"start":{"line":2,"column":0},"end":{"line":2,"column":63}},"2":{"start":{"line":4,"column":0},"end":{"line":4,"column":34}},"3":{"start":{"line":6,"column":0},"end":{"line":6,"column":44}},"4":{"start":{"line":7,"column":0},"end":{"line":7,"column":48}},"5":{"start":{"line":10,"column":15},"end":{"line":10,"column":45}},"6":{"start":{"line":12,"column":2},"end":{"line":16,"column":null}},"7":{"start":{"line":13,"column":4},"end":{"line":15,"column":6}},"8":{"start":{"line":18,"column":2},"end":{"line":20,"column":4}},"9":{"start":{"line":9,"column":0},"end":{"line":9,"column":16}}},"fnMap":{"0":{"name":"PrivateRoute","decl":{"start":{"line":9,"column":16},"end":{"line":9,"column":28}},"loc":{"start":{"line":9,"column":46},"end":{"line":21,"column":1}}}},"branchMap":{"0":{"loc":{"start":{"line":12,"column":2},"end":{"line":16,"column":null}},"type":"if","locations":[{"start":{"line":12,"column":2},"end":{"line":16,"column":null}},{"start":{"line":12,"column":2},"end":{"line":16,"column":null}}]}},"s":{"0":9,"1":9,"2":9,"3":9,"4":9,"5":2,"6":2,"7":1,"8":1,"9":9},"f":{"0":2},"b":{"0":[1,1]}}
,"/home/fosseddy/projects/vk-reminder/client/src/routing/routes.ts": {"path":"/home/fosseddy/projects/vk-reminder/client/src/routing/routes.ts","statementMap":{"0":{"start":{"line":1,"column":13},"end":{"line":8,"column":2}}},"fnMap":{},"branchMap":{},"s":{"0":9},"f":{},"b":{}}
,"/home/fosseddy/projects/vk-reminder/client/src/store/index.ts": {"path":"/home/fosseddy/projects/vk-reminder/client/src/store/index.ts","statementMap":{"0":{"start":{"line":1,"column":0},"end":{"line":1,"column":88}},"1":{"start":{"line":2,"column":0},"end":{"line":2,"column":77}},"2":{"start":{"line":4,"column":0},"end":{"line":4,"column":47}},"3":{"start":{"line":5,"column":0},"end":{"line":5,"column":57}},"4":{"start":{"line":9,"column":20},"end":{"line":12,"column":2}},"5":{"start":{"line":14,"column":13},"end":{"line":16,"column":3}},"6":{"start":{"line":18,"column":13},"end":{"line":18,"column":78}},"7":{"start":{"line":21,"column":2},"end":{"line":21,"column":38}},"8":{"start":{"line":20,"column":0},"end":{"line":20,"column":16}}},"fnMap":{"0":{"name":"useStoreDispatch","decl":{"start":{"line":20,"column":16},"end":{"line":20,"column":32}},"loc":{"start":{"line":20,"column":32},"end":{"line":22,"column":1}}}},"branchMap":{},"s":{"0":9,"1":9,"2":9,"3":9,"4":9,"5":9,"6":9,"7":128,"8":9},"f":{"0":128},"b":{}}
}
