TN:
SF:src/types.ts
FN:1,(anonymous_0)
FNF:1
FNH:1
FNDA:9,(anonymous_0)
DA:1,9
DA:2,9
LF:2
LH:2
BRDA:1,0,0,9
BRDA:1,0,1,9
BRF:2
BRH:2
end_of_record
TN:
SF:src/features/auth/allow-messages-from-community-page.tsx
FN:12,AllowMessagesFromCommunityPage
FN:27,(anonymous_2)
FNF:2
FNH:0
FNDA:0,AllowMessagesFromCommunityPage
FNDA:0,(anonymous_2)
DA:1,9
DA:2,9
DA:4,9
DA:5,9
DA:7,9
DA:8,9
DA:10,9
DA:12,9
DA:13,0
DA:14,0
DA:15,0
DA:17,0
DA:27,0
LF:13
LH:8
BRDA:22,0,0,0
BRDA:22,0,1,0
BRDA:22,1,0,0
BRDA:22,1,1,0
BRDA:23,2,0,0
BRDA:23,2,1,0
BRDA:23,3,0,0
BRDA:23,3,1,0
BRDA:23,4,0,0
BRDA:23,4,1,0
BRDA:23,5,0,0
BRDA:23,5,1,0
BRF:12
BRH:0
end_of_record
TN:
SF:src/features/auth/auth-slice.ts
FN:24,(anonymous_0)
FN:33,userSelector
FNF:2
FNH:2
FNDA:24,(anonymous_0)
FNDA:8,userSelector
DA:1,9
DA:16,9
DA:20,9
DA:25,24
DA:30,9
DA:31,9
DA:33,9
DA:34,8
LF:8
LH:8
BRF:0
BRH:0
end_of_record
TN:
SF:src/features/auth/index.ts
FN:5,(anonymous_4)
FN:5,(anonymous_5)
FNF:2
FNH:2
FNDA:4,(anonymous_4)
FNDA:9,(anonymous_5)
DA:1,9
DA:2,9
DA:3,9
DA:4,9
DA:5,18
LF:5
LH:5
BRF:0
BRH:0
end_of_record
TN:
SF:src/features/auth/login-page.tsx
FN:5,LoginPage
FNF:1
FNH:0
FNDA:0,LoginPage
DA:1,9
DA:3,9
DA:5,9
DA:6,0
DA:8,0
DA:9,0
DA:14,0
DA:15,0
DA:23,0
LF:9
LH:3
BRDA:8,0,0,0
BRDA:8,0,1,0
BRDA:14,1,0,0
BRDA:14,1,1,0
BRF:4
BRH:0
end_of_record
TN:
SF:src/features/auth/use-auto-login.ts
FN:13,useAutoLogin
FN:19,(anonymous_15)
FN:20,(anonymous_16)
FNF:3
FNH:3
FNDA:27,useAutoLogin
FNDA:10,(anonymous_15)
FNDA:20,(anonymous_16)
DA:1,9
DA:2,9
DA:4,9
DA:6,9
DA:7,9
DA:8,9
DA:10,9
DA:11,9
DA:13,36
DA:14,27
DA:15,27
DA:16,27
DA:17,27
DA:19,27
DA:20,10
DA:21,10
DA:22,10
DA:23,10
DA:24,2
DA:25,2
DA:28,8
DA:29,8
DA:30,1
DA:31,1
DA:32,1
DA:35,7
DA:37,7
DA:39,7
DA:41,7
DA:42,6
DA:46,6
DA:48,1
DA:53,27
LF:33
LH:33
BRDA:21,0,0,10
BRDA:23,1,0,2
BRDA:23,1,1,8
BRDA:23,2,0,10
BRDA:23,2,1,9
BRDA:29,3,0,1
BRDA:29,3,1,7
BRDA:29,4,0,8
BRDA:29,4,1,7
BRDA:41,5,0,6
BRDA:41,5,1,1
BRDA:43,6,0,1
BRDA:43,6,1,5
BRF:13
BRH:13
end_of_record
TN:
SF:src/features/auth/use-login.ts
FN:13,useLogin
FN:19,login
FNF:2
FNH:2
FNDA:34,useLogin
FNDA:9,login
DA:1,9
DA:2,9
DA:4,9
DA:6,9
DA:7,9
DA:8,9
DA:10,9
DA:11,9
DA:13,9
DA:14,34
DA:15,34
DA:16,34
DA:17,34
DA:20,9
DA:21,9
DA:23,8
DA:24,8
DA:26,8
DA:27,8
DA:28,1
DA:29,1
DA:30,1
DA:33,7
DA:35,7
DA:36,7
DA:38,7
DA:40,7
DA:41,6
DA:43,1
DA:47,34
LF:30
LH:30
BRDA:20,0,0,9
BRDA:21,1,0,1
BRDA:21,1,1,8
BRDA:27,2,0,1
BRDA:27,2,1,7
BRDA:27,3,0,8
BRDA:27,3,1,7
BRDA:40,4,0,6
BRDA:40,4,1,1
BRF:9
BRH:9
end_of_record
TN:
SF:src/features/auth/use-logout.ts
FN:12,useLogout
FN:17,logout
FNF:2
FNH:2
FNDA:15,useLogout
FNDA:5,logout
DA:1,9
DA:2,9
DA:4,9
DA:6,9
DA:7,9
DA:9,9
DA:10,9
DA:12,9
DA:13,15
DA:14,15
DA:15,15
DA:18,5
DA:20,10
DA:22,5
DA:23,5
DA:26,5
DA:28,5
DA:31,15
LF:18
LH:18
BRF:0
BRH:0
end_of_record
TN:
SF:src/features/reminders/index.ts
FN:3,(anonymous_4)
FN:3,(anonymous_5)
FN:3,(anonymous_6)
FNF:3
FNH:1
FNDA:9,(anonymous_4)
FNDA:0,(anonymous_5)
FNDA:0,(anonymous_6)
DA:1,9
DA:2,9
DA:3,18
LF:3
LH:3
BRF:0
BRH:0
end_of_record
TN:
SF:src/features/reminders/new-reminder-page.tsx
FN:11,NewReminderPage
FN:18,(anonymous_15)
FN:33,(anonymous_16)
FN:34,(anonymous_17)
FN:37,(anonymous_18)
FN:49,(anonymous_21)
FNF:6
FNH:0
FNDA:0,NewReminderPage
FNDA:0,(anonymous_15)
FNDA:0,(anonymous_16)
FNDA:0,(anonymous_17)
FNDA:0,(anonymous_18)
FNDA:0,(anonymous_21)
DA:1,9
DA:2,9
DA:4,9
DA:5,9
DA:6,9
DA:7,9
DA:8,9
DA:9,9
DA:11,9
DA:12,0
DA:13,0
DA:14,0
DA:16,0
DA:18,0
DA:20,0
DA:21,0
DA:23,0
DA:24,0
DA:25,0
DA:27,0
DA:33,0
DA:34,0
DA:37,0
DA:38,0
DA:39,0
DA:41,0
DA:43,0
DA:49,0
DA:50,0
DA:51,0
LF:30
LH:9
BRDA:20,0,0,0
BRDA:20,0,1,0
BRDA:20,1,0,0
BRDA:20,1,1,0
BRDA:20,2,0,0
BRDA:20,2,1,0
BRDA:20,3,0,0
BRDA:20,3,1,0
BRDA:21,4,0,0
BRDA:21,4,1,0
BRDA:21,5,0,0
BRDA:21,5,1,0
BRDA:21,6,0,0
BRDA:21,6,1,0
BRDA:21,7,0,0
BRDA:21,7,1,0
BRDA:41,8,0,0
BRDA:38,9,0,0
BRDA:38,9,1,0
BRDA:48,10,0,0
BRDA:48,10,1,0
BRDA:50,11,0,0
BRF:22
BRH:0
end_of_record
TN:
SF:src/features/reminders/reminders-page.tsx
FN:12,RemindersPage
FN:49,ReminderList
FN:52,(anonymous_3)
FN:57,ReminderItem
FN:73,(anonymous_5)
FNF:5
FNH:0
FNDA:0,RemindersPage
FNDA:0,ReminderList
FNDA:0,(anonymous_3)
FNDA:0,ReminderItem
FNDA:0,(anonymous_5)
DA:1,9
DA:2,9
DA:4,9
DA:8,9
DA:9,9
DA:10,9
DA:12,9
DA:13,0
DA:14,0
DA:16,0
DA:17,0
DA:25,0
DA:26,0
DA:31,0
DA:49,0
DA:50,0
DA:52,0
DA:57,0
DA:58,0
DA:60,0
DA:62,0
DA:73,0
LF:22
LH:7
BRDA:16,0,0,0
BRDA:16,0,1,0
BRDA:25,1,0,0
BRDA:25,1,1,0
BRDA:42,2,0,0
BRDA:42,2,1,0
BRDA:60,3,0,0
BRDA:60,3,1,0
BRDA:64,4,0,0
BRDA:64,4,1,0
BRDA:69,5,0,0
BRDA:69,5,1,0
BRF:12
BRH:0
end_of_record
TN:
SF:src/features/reminders/reminders-slice.ts
FN:25,(anonymous_0)
FN:28,(anonymous_1)
FN:30,(anonymous_2)
FN:32,(anonymous_3)
FN:37,(anonymous_4)
FN:39,(anonymous_5)
FN:50,selectReminders
FN:54,selectReminderById
FN:58,(anonymous_8)
FNF:9
FNH:7
FNDA:15,(anonymous_0)
FNDA:3,(anonymous_1)
FNDA:6,(anonymous_2)
FNDA:3,(anonymous_3)
FNDA:3,(anonymous_4)
FNDA:3,(anonymous_5)
FNDA:12,selectReminders
FNDA:0,selectReminderById
FNDA:0,(anonymous_8)
DA:1,9
DA:16,9
DA:21,9
DA:26,15
DA:29,3
DA:30,6
DA:33,3
DA:34,3
DA:38,3
DA:39,3
DA:40,3
DA:41,3
DA:42,3
DA:47,9
DA:48,9
DA:50,9
DA:51,12
DA:54,9
DA:55,0
DA:56,0
DA:58,0
DA:59,0
DA:61,0
LF:23
LH:18
BRDA:29,0,0,0
BRDA:29,0,1,3
BRDA:33,1,0,0
BRDA:33,1,1,3
BRDA:38,2,0,0
BRDA:38,2,1,3
BRDA:40,3,0,0
BRDA:40,3,1,3
BRDA:56,4,0,0
BRDA:56,4,1,0
BRDA:59,5,0,0
BRDA:59,5,1,0
BRF:12
BRH:4
end_of_record
TN:
SF:src/features/reminders/use-create-reminder.ts
FN:8,useCreateReminder
FN:14,createReminder
FNF:2
FNH:2
FNDA:13,useCreateReminder
FNDA:4,createReminder
DA:1,9
DA:3,9
DA:5,9
DA:6,9
DA:8,9
DA:9,13
DA:10,13
DA:11,13
DA:14,4
DA:15,4
DA:16,4
DA:18,4
DA:19,4
DA:20,1
DA:21,1
DA:22,1
DA:25,3
DA:26,3
DA:29,13
LF:19
LH:19
BRDA:19,0,0,1
BRDA:19,0,1,3
BRF:2
BRH:2
end_of_record
TN:
SF:src/features/reminders/use-delete-reminder.ts
FN:8,useDeleteReminder
FN:14,deleteReminder
FNF:2
FNH:2
FNDA:13,useDeleteReminder
FNDA:4,deleteReminder
DA:1,9
DA:3,9
DA:5,9
DA:6,9
DA:8,9
DA:9,13
DA:11,13
DA:12,13
DA:15,4
DA:16,4
DA:18,4
DA:19,4
DA:20,1
DA:21,1
DA:22,1
DA:25,3
DA:26,3
DA:29,13
LF:18
LH:18
BRDA:19,0,0,1
BRDA:19,0,1,3
BRF:2
BRH:2
end_of_record
TN:
SF:src/features/reminders/use-get-reminders.ts
FN:8,useGetReminders
FN:14,(anonymous_15)
FN:17,(anonymous_16)
FNF:3
FNH:3
FNDA:13,useGetReminders
FNDA:6,(anonymous_15)
FNDA:6,(anonymous_16)
DA:1,9
DA:3,9
DA:5,9
DA:6,9
DA:8,22
DA:9,13
DA:10,13
DA:11,13
DA:12,13
DA:14,13
DA:15,6
DA:17,3
DA:18,3
DA:19,3
DA:21,3
DA:22,3
DA:23,1
DA:24,1
DA:25,1
DA:28,2
DA:29,2
DA:33,13
LF:22
LH:22
BRDA:15,0,0,3
BRDA:15,0,1,3
BRDA:22,1,0,1
BRDA:22,1,1,2
BRF:4
BRH:4
end_of_record
TN:
SF:src/features/reminders/use-update-reminder.ts
FN:8,useUpdateReminder
FN:14,updateReminder
FNF:2
FNH:2
FNDA:13,useUpdateReminder
FNDA:4,updateReminder
DA:1,9
DA:3,9
DA:5,9
DA:6,9
DA:8,9
DA:9,13
DA:10,13
DA:11,13
DA:14,4
DA:15,4
DA:16,4
DA:18,4
DA:19,4
DA:20,1
DA:21,1
DA:22,1
DA:25,3
DA:27,3
DA:30,13
LF:19
LH:19
BRDA:19,0,0,1
BRDA:19,0,1,3
BRF:2
BRH:2
end_of_record
TN:
SF:src/lib/api/index.ts
FNF:0
FNH:0
DA:1,9
DA:2,9
DA:5,9
LF:3
LH:3
BRF:0
BRH:0
end_of_record
TN:
SF:src/lib/api/reminders.ts
FN:5,fakeRequest
FN:6,(anonymous_15)
FN:7,(anonymous_16)
FN:19,getAll
FN:30,deleteReminder
FN:41,create
FN:52,update
FNF:7
FNH:0
FNDA:0,fakeRequest
FNDA:0,(anonymous_15)
FNDA:0,(anonymous_16)
FNDA:0,getAll
FNDA:0,deleteReminder
FNDA:0,create
FNDA:0,update
DA:1,9
DA:6,0
DA:7,0
DA:8,0
DA:10,0
DA:11,0
DA:13,0
DA:19,9
DA:21,0
DA:22,0
DA:24,0
DA:25,0
DA:30,9
DA:32,0
DA:33,0
DA:35,0
DA:36,0
DA:41,9
DA:43,0
DA:44,0
DA:46,0
DA:47,0
DA:52,9
DA:54,0
DA:55,0
DA:57,0
DA:58,0
LF:27
LH:5
BRDA:10,0,0,0
BRDA:10,0,1,0
BRF:2
BRH:0
end_of_record
TN:
SF:src/lib/api/user.ts
FN:13,isVKCommunityMessagesAllowed
FN:28,getInfo
FNF:2
FNH:0
FNDA:0,isVKCommunityMessagesAllowed
FNDA:0,getInfo
DA:1,9
DA:2,9
DA:13,9
DA:15,0
DA:16,0
DA:18,0
DA:28,9
DA:29,0
DA:30,0
DA:31,0
DA:34,0
DA:35,0
DA:37,0
DA:38,0
DA:41,0
LF:15
LH:4
BRDA:29,0,0,0
BRDA:30,1,0,0
BRDA:30,1,1,0
BRDA:30,2,0,0
BRDA:30,2,1,0
BRDA:37,3,0,0
BRDA:37,3,1,0
BRDA:37,4,0,0
BRDA:37,4,1,0
BRF:9
BRH:0
end_of_record
TN:
SF:src/lib/vk/api.ts
FN:27,call
FN:28,(anonymous_3)
FN:32,(anonymous_4)
FN:37,getUserInfo
FNF:4
FNH:0
FNDA:0,call
FNDA:0,(anonymous_3)
FNDA:0,(anonymous_4)
FNDA:0,getUserInfo
DA:4,13
DA:27,13
DA:28,0
DA:29,0
DA:32,0
DA:37,13
DA:38,0
LF:7
LH:3
BRF:0
BRH:0
end_of_record
TN:
SF:src/lib/vk/auth.ts
FN:41,login
FN:42,(anonymous_1)
FN:43,(anonymous_2)
FN:47,logout
FN:48,(anonymous_4)
FN:49,(anonymous_5)
FN:53,getLoginStatus
FN:54,(anonymous_7)
FN:55,(anonymous_8)
FNF:9
FNH:0
FNDA:0,login
FNDA:0,(anonymous_1)
FNDA:0,(anonymous_2)
FNDA:0,logout
FNDA:0,(anonymous_4)
FNDA:0,(anonymous_5)
FNDA:0,getLoginStatus
FNDA:0,(anonymous_7)
FNDA:0,(anonymous_8)
DA:41,13
DA:42,0
DA:43,0
DA:47,13
DA:48,0
DA:49,0
DA:53,13
DA:54,0
DA:55,0
LF:9
LH:3
BRF:0
BRH:0
end_of_record
TN:
SF:src/lib/vk/index.ts
FN:15,(anonymous_7)
FNF:1
FNH:1
FNDA:13,(anonymous_7)
DA:1,13
DA:2,13
DA:3,13
DA:4,13
DA:6,13
DA:8,13
DA:15,13
DA:16,13
DA:17,13
LF:9
LH:9
BRDA:15,0,0,13
BRDA:15,0,1,13
BRF:2
BRH:2
end_of_record
TN:
SF:src/lib/vk/observer.ts
FN:6,subscribe
FN:10,unsubscribe
FNF:2
FNH:0
FNDA:0,subscribe
FNDA:0,unsubscribe
DA:6,13
DA:7,0
DA:10,13
DA:11,0
LF:4
LH:2
BRF:0
BRH:0
end_of_record
TN:
SF:src/lib/vk/widgets-react.tsx
FN:12,VKAllowMessagesFromCommunityWidget
FN:13,(anonymous_8)
FN:14,(anonymous_9)
FN:18,(anonymous_10)
FN:22,(anonymous_11)
FN:26,(anonymous_12)
FNF:6
FNH:0
FNDA:0,VKAllowMessagesFromCommunityWidget
FNDA:0,(anonymous_8)
FNDA:0,(anonymous_9)
FNDA:0,(anonymous_10)
FNDA:0,(anonymous_11)
FNDA:0,(anonymous_12)
DA:1,13
DA:2,13
DA:3,13
DA:5,13
DA:12,13
DA:13,0
DA:14,0
DA:16,0
DA:18,0
DA:19,0
DA:22,0
DA:23,0
DA:24,0
DA:26,0
DA:27,0
DA:28,0
DA:32,0
LF:17
LH:5
BRDA:13,0,0,0
BRDA:13,0,1,0
BRDA:14,1,0,0
BRDA:14,1,1,0
BRF:4
BRH:0
end_of_record
TN:
SF:src/lib/vk/widgets.ts
FN:6,AllowMessagesFromCommunity
FNF:1
FNH:0
FNDA:0,AllowMessagesFromCommunity
DA:4,13
DA:6,13
DA:7,0
LF:3
LH:2
BRDA:6,0,0,0
BRDA:6,0,1,0
BRF:2
BRH:0
end_of_record
TN:
SF:src/routing/app-routes.tsx
FN:8,(anonymous_7)
FN:8,(anonymous_8)
FN:8,(anonymous_9)
FN:10,(anonymous_10)
FN:10,(anonymous_11)
FN:10,(anonymous_12)
FN:11,(anonymous_13)
FN:11,(anonymous_14)
FN:11,(anonymous_15)
FN:13,(anonymous_16)
FN:13,(anonymous_17)
FN:13,(anonymous_18)
FN:14,(anonymous_19)
FN:14,(anonymous_20)
FN:14,(anonymous_21)
FN:16,(anonymous_22)
FN:16,(anonymous_23)
FN:16,(anonymous_24)
FN:18,AppRoutes
FNF:19
FNH:0
FNDA:0,(anonymous_7)
FNDA:0,(anonymous_8)
FNDA:0,(anonymous_9)
FNDA:0,(anonymous_10)
FNDA:0,(anonymous_11)
FNDA:0,(anonymous_12)
FNDA:0,(anonymous_13)
FNDA:0,(anonymous_14)
FNDA:0,(anonymous_15)
FNDA:0,(anonymous_16)
FNDA:0,(anonymous_17)
FNDA:0,(anonymous_18)
FNDA:0,(anonymous_19)
FNDA:0,(anonymous_20)
FNDA:0,(anonymous_21)
FNDA:0,(anonymous_22)
FNDA:0,(anonymous_23)
FNDA:0,(anonymous_24)
FNDA:0,AppRoutes
DA:1,9
DA:2,9
DA:4,9
DA:6,9
DA:8,9
DA:10,9
DA:11,9
DA:13,9
DA:14,9
DA:16,9
DA:18,9
DA:19,0
LF:12
LH:11
BRF:0
BRH:0
end_of_record
TN:
SF:src/routing/index.ts
FNF:0
FNH:0
DA:1,9
DA:2,9
LF:2
LH:2
BRF:0
BRH:0
end_of_record
TN:
SF:src/routing/not-found-page.tsx
FN:8,NotFoundPage
FNF:1
FNH:1
FNDA:2,NotFoundPage
DA:1,1
DA:2,1
DA:3,1
DA:5,1
DA:6,1
DA:8,1
DA:9,2
DA:11,2
LF:8
LH:8
BRDA:14,0,0,1
BRDA:14,0,1,1
BRDA:15,1,0,1
BRDA:15,1,1,1
BRF:4
BRH:4
end_of_record
TN:
SF:src/routing/private-route.tsx
FN:9,PrivateRoute
FNF:1
FNH:1
FNDA:2,PrivateRoute
DA:1,9
DA:2,9
DA:4,9
DA:6,9
DA:7,9
DA:9,9
DA:10,2
DA:12,2
DA:13,1
DA:18,1
LF:10
LH:10
BRDA:12,0,0,1
BRDA:12,0,1,1
BRF:2
BRH:2
end_of_record
TN:
SF:src/routing/routes.ts
FNF:0
FNH:0
DA:1,9
LF:1
LH:1
BRF:0
BRH:0
end_of_record
TN:
SF:src/store/index.ts
FN:20,useStoreDispatch
FNF:1
FNH:1
FNDA:128,useStoreDispatch
DA:1,9
DA:2,9
DA:4,9
DA:5,9
DA:9,9
DA:14,9
DA:18,9
DA:20,9
DA:21,128
LF:9
LH:9
BRF:0
BRH:0
end_of_record
